#
# There is insufficient memory for the Java Runtime Environment to continue.
# Native memory allocation (malloc) failed to allocate 1322896 bytes for Chunk::new
# Possible reasons:
#   The system is out of physical RAM or swap space
#   The process is running with CompressedOops enabled, and the Java Heap may be blocking the growth of the native heap
# Possible solutions:
#   Reduce memory load on the system
#   Increase physical memory or swap space
#   Check if swap backing store is full
#   Decrease Java heap size (-Xmx/-Xms)
#   Decrease number of Java threads
#   Decrease Java thread stack sizes (-Xss)
#   Set larger code cache with -XX:ReservedCodeCacheSize=
#   JVM is running with Unscaled Compressed Oops mode in which the Java heap is
#     placed in the first 4GB address space. The Java Heap base address is the
#     maximum limit for the native heap growth. Please use -XX:HeapBaseMinAddress
#     to set the Java Heap base and to place the Java Heap above 4GB virtual address.
# This output file may be truncated or incomplete.
#
#  Out of Memory Error (./src/hotspot/share/memory/arena.cpp:197), pid=16884, tid=18972
#
# JRE version: OpenJDK Runtime Environment (11.0.11+9) (build 11.0.11+9-b60-7590822)
# Java VM: OpenJDK 64-Bit Server VM (11.0.11+9-b60-7590822, mixed mode, tiered, compressed oops, g1 gc, windows-amd64)
# No core dump will be written. Minidumps are not enabled by default on client versions of Windows
#

---------------  S U M M A R Y ------------

Command Line: --add-opens=java.base/java.util=ALL-UNNAMED --add-opens=java.base/java.lang=ALL-UNNAMED --add-opens=java.base/java.lang.invoke=ALL-UNNAMED --add-opens=java.prefs/java.util.prefs=ALL-UNNAMED -Xmx2048m -Dfile.encoding=UTF-8 -Duser.country=US -Duser.language=en -Duser.variant org.gradle.launcher.daemon.bootstrap.GradleDaemon 6.7.1

Host: Intel(R) Core(TM) i5-9500 CPU @ 3.00GHz, 6 cores, 15G,  Windows 10 , 64 bit Build 19041 (10.0.19041.1348)
Time: Thu Feb  3 15:27:02 2022 GTB Standard Time elapsed time: 6.184966 seconds (0d 0h 0m 6s)

---------------  T H R E A D  ---------------

Current thread (0x0000023179a1a000):  JavaThread "C2 CompilerThread0" daemon [_thread_in_native, id=18972, stack(0x0000006e35100000,0x0000006e35200000)]


Current CompileTask:
C2:   6185 6203   !   4       java.net.URL::<init> (543 bytes)

Stack: [0x0000006e35100000,0x0000006e35200000]
Native frames: (J=compiled Java code, j=interpreted, Vv=VM code, C=native code)
V  [jvm.dll+0x5f214a]
V  [jvm.dll+0x726fb5]
V  [jvm.dll+0x7285cd]
V  [jvm.dll+0x728c83]
V  [jvm.dll+0x243278]
V  [jvm.dll+0xbc53c]
V  [jvm.dll+0xbca3c]
V  [jvm.dll+0x353e7d]
V  [jvm.dll+0x321893]
V  [jvm.dll+0x320d8a]
V  [jvm.dll+0x1fc1e2]
V  [jvm.dll+0x1fb3d4]
V  [jvm.dll+0x183d6c]
V  [jvm.dll+0x209a57]
V  [jvm.dll+0x2082a1]
V  [jvm.dll+0x6ef58f]
V  [jvm.dll+0x6e80b5]
V  [jvm.dll+0x5f1036]
C  [ucrtbase.dll+0x21bb2]
C  [KERNEL32.DLL+0x17034]
C  [ntdll.dll+0x52651]


---------------  P R O C E S S  ---------------

Threads class SMR info:
_java_thread_list=0x000002317c08d800, length=157, elements={
0x000002316e0ec000, 0x00000231799b1800, 0x00000231799b5000, 0x0000023179a11800,
0x0000023179a16000, 0x0000023179a17000, 0x0000023179a1a000, 0x0000023179a1c000,
0x0000023179a25000, 0x0000023179b8e000, 0x000002317b960000, 0x000002317bae9800,
0x000002317bb9d000, 0x000002317ad37000, 0x000002317b5e7800, 0x000002317b51d000,
0x000002317bc91800, 0x000002317bfd9000, 0x000002317bfda800, 0x000002317bfda000,
0x000002317bfdb800, 0x000002317c1c1000, 0x000002317c1c1800, 0x000002317c1bf800,
0x000002317c1c3800, 0x000002317c1c5000, 0x000002317c1c0000, 0x000002317c1c6000,
0x000002317c1c4000, 0x000002317c1c6800, 0x000002317c1c7800, 0x000002317c1c8800,
0x000002317c1c2800, 0x000002317c1ca800, 0x000002317c1cd000, 0x000002317c1c9000,
0x000002317c1ca000, 0x000002317c1cb800, 0x000002317c1ce000, 0x000002317c1cc800,
0x000002317df80800, 0x000002317df7c000, 0x000002317df81000, 0x000002317df7e000,
0x000002317df7e800, 0x000002317df7b800, 0x000002317df83000, 0x000002317df7d000,
0x000002317df82000, 0x000002317df7f800, 0x000002317df83800, 0x000002317df87000,
0x000002317df88800, 0x000002317df84800, 0x000002317df89800, 0x000002317ec63800,
0x000002317ec65800, 0x000002317ec66000, 0x000002317ec67000, 0x000002317ec61800,
0x000002317ec68000, 0x000002317ec64800, 0x000002317ec62000, 0x000002317ec63000,
0x000002317e766000, 0x000002317e765000, 0x000002317e768800, 0x000002317e769800,
0x000002317e767000, 0x000002317e767800, 0x000002317e76c800, 0x000002317e76b000,
0x000002317e76f000, 0x000002317e770000, 0x000002317e76d800, 0x000002317e76c000,
0x000002317e76a000, 0x000002317e771800, 0x000002317e770800, 0x000002317e772800,
0x000002317e76e000, 0x000002317e773000, 0x000002317e774000, 0x000002317e895800,
0x000002317e89a000, 0x000002317e897000, 0x000002317e89c000, 0x000002317e896000,
0x000002317e89c800, 0x000002317e897800, 0x000002317e89d800, 0x000002317e89e800,
0x000002317e898800, 0x000002317e89b000, 0x000002317e89f000, 0x000002317e899800,
0x000002317e8a0000, 0x000002317e8a0800, 0x000002317e8a1800, 0x000002317e8a2800,
0x000002317e8a3000, 0x000002317e8a4000, 0x000002310fde2000, 0x000002310fdde000,
0x000002310fde0800, 0x000002310fde0000, 0x000002310fddf000, 0x000002310fde1800,
0x000002310fde3000, 0x000002310fddd800, 0x000002310fde4000, 0x000002310fcb4800,
0x000002310fcb7800, 0x000002310fcbb000, 0x000002310fcb9000, 0x000002310fcb6000,
0x000002310fcba000, 0x000002310fcb8800, 0x000002310fcb5000, 0x000002310fcb7000,
0x000002310fcc0000, 0x000002310fcbd800, 0x000002310fcbe000, 0x000002310fcc1800,
0x000002310fcc0800, 0x000002310fcbf000, 0x000002310fcbb800, 0x000002310fcc2000,
0x000002310fcbc800, 0x000002310fcc3000, 0x000002317c630000, 0x000002317c630800,
0x000002317c631800, 0x000002317c62f000, 0x000002317c633000, 0x000002317c634000,
0x000002317c62e000, 0x000002317c632000, 0x000002317c63a800, 0x000002317c634800,
0x000002317c636800, 0x000002317c63b000, 0x000002317c635800, 0x000002317c639800,
0x000002317c63c000, 0x000002317c637000, 0x000002317c63d000, 0x000002317c638000,
0x000002317c639000, 0x000002317e7ae000, 0x000002317e7b2000, 0x000002317e7ac800,
0x000002317e7b0800, 0x000002317e7ae800, 0x000002317e7b1000, 0x0000023110188800,
0x000002317e7b3000
}

Java Threads: ( => current thread )
  0x000002316e0ec000 JavaThread "main" [_thread_blocked, id=18020, stack(0x0000006e34500000,0x0000006e34600000)]
  0x00000231799b1800 JavaThread "Reference Handler" daemon [_thread_blocked, id=4744, stack(0x0000006e34c00000,0x0000006e34d00000)]
  0x00000231799b5000 JavaThread "Finalizer" daemon [_thread_blocked, id=6948, stack(0x0000006e34d00000,0x0000006e34e00000)]
  0x0000023179a11800 JavaThread "Signal Dispatcher" daemon [_thread_blocked, id=25324, stack(0x0000006e34e00000,0x0000006e34f00000)]
  0x0000023179a16000 JavaThread "Attach Listener" daemon [_thread_blocked, id=22892, stack(0x0000006e34f00000,0x0000006e35000000)]
  0x0000023179a17000 JavaThread "Service Thread" daemon [_thread_blocked, id=11440, stack(0x0000006e35000000,0x0000006e35100000)]
=>0x0000023179a1a000 JavaThread "C2 CompilerThread0" daemon [_thread_in_native, id=18972, stack(0x0000006e35100000,0x0000006e35200000)]
  0x0000023179a1c000 JavaThread "C1 CompilerThread0" daemon [_thread_blocked, id=7392, stack(0x0000006e35200000,0x0000006e35300000)]
  0x0000023179a25000 JavaThread "Sweeper thread" daemon [_thread_blocked, id=18780, stack(0x0000006e35300000,0x0000006e35400000)]
  0x0000023179b8e000 JavaThread "Common-Cleaner" daemon [_thread_blocked, id=24584, stack(0x0000006e35400000,0x0000006e35500000)]
  0x000002317b960000 JavaThread "Daemon health stats" [_thread_blocked, id=8512, stack(0x0000006e35c00000,0x0000006e35d00000)]
  0x000002317bae9800 JavaThread "Incoming local TCP Connector on port 53564" [_thread_in_native, id=21432, stack(0x0000006e35f00000,0x0000006e36000000)]
  0x000002317bb9d000 JavaThread "Daemon periodic checks" [_thread_blocked, id=10068, stack(0x0000006e36000000,0x0000006e36100000)]
  0x000002317ad37000 JavaThread "Daemon" [_thread_blocked, id=13652, stack(0x0000006e36100000,0x0000006e36200000)]
  0x000002317b5e7800 JavaThread "Handler for socket connection from /127.0.0.1:53564 to /127.0.0.1:53566" [_thread_in_native, id=12500, stack(0x0000006e36200000,0x0000006e36300000)]
  0x000002317b51d000 JavaThread "Cancel handler" [_thread_blocked, id=3484, stack(0x0000006e36300000,0x0000006e36400000)]
  0x000002317bc91800 JavaThread "Daemon worker" [_thread_in_vm, id=26376, stack(0x0000006e36400000,0x0000006e36500000)]
  0x000002317bfd9000 JavaThread "Asynchronous log dispatcher for DefaultDaemonConnection: socket connection from /127.0.0.1:53564 to /127.0.0.1:53566" [_thread_blocked, id=28624, stack(0x0000006e36500000,0x0000006e36600000)]
  0x000002317bfda800 JavaThread "Stdin handler" [_thread_blocked, id=26568, stack(0x0000006e36600000,0x0000006e36700000)]
  0x000002317bfda000 JavaThread "Thread-8" [_thread_blocked, id=8060, stack(0x0000006e36700000,0x0000006e36800000)]
  0x000002317bfdb800 JavaThread "Cache worker for file hash cache (C:\Users\makrisp\.gradle\caches\6.7.1\fileHashes)" [_thread_blocked, id=10628, stack(0x0000006e36800000,0x0000006e36900000)]
  0x000002317c1c1000 JavaThread "File lock request listener" [_thread_in_native, id=17320, stack(0x0000006e36900000,0x0000006e36a00000)]
  0x000002317c1c1800 JavaThread "Cache worker for journal cache (C:\Users\makrisp\.gradle\caches\journal-1)" [_thread_blocked, id=18476, stack(0x0000006e36b00000,0x0000006e36c00000)]
  0x000002317c1bf800 JavaThread "Cache worker for file hash cache (C:\Users\makrisp\AndroidStudioProjects\GpsLocationService\.gradle\6.7.1\fileHashes)" [_thread_blocked, id=26824, stack(0x0000006e36c00000,0x0000006e36d00000)]
  0x000002317c1c3800 JavaThread "jar transforms" [_thread_blocked, id=23328, stack(0x0000006e36d00000,0x0000006e36e00000)]
  0x000002317c1c5000 JavaThread "jar transforms Thread 2" [_thread_blocked, id=5972, stack(0x0000006e36e00000,0x0000006e36f00000)]
  0x000002317c1c0000 JavaThread "jar transforms Thread 3" [_thread_blocked, id=22364, stack(0x0000006e36f00000,0x0000006e37000000)]
  0x000002317c1c6000 JavaThread "jar transforms Thread 4" [_thread_blocked, id=21576, stack(0x0000006e37000000,0x0000006e37100000)]
  0x000002317c1c4000 JavaThread "jar transforms Thread 5" [_thread_blocked, id=18480, stack(0x0000006e37100000,0x0000006e37200000)]
  0x000002317c1c6800 JavaThread "jar transforms Thread 6" [_thread_blocked, id=7912, stack(0x0000006e37200000,0x0000006e37300000)]
  0x000002317c1c7800 JavaThread "jar transforms Thread 7" [_thread_blocked, id=23064, stack(0x0000006e37300000,0x0000006e37400000)]
  0x000002317c1c8800 JavaThread "jar transforms Thread 8" [_thread_blocked, id=14028, stack(0x0000006e37400000,0x0000006e37500000)]
  0x000002317c1c2800 JavaThread "jar transforms Thread 9" [_thread_blocked, id=8012, stack(0x0000006e37500000,0x0000006e37600000)]
  0x000002317c1ca800 JavaThread "jar transforms Thread 10" [_thread_blocked, id=22200, stack(0x0000006e37600000,0x0000006e37700000)]
  0x000002317c1cd000 JavaThread "jar transforms Thread 11" [_thread_blocked, id=20404, stack(0x0000006e37700000,0x0000006e37800000)]
  0x000002317c1c9000 JavaThread "jar transforms Thread 12" [_thread_blocked, id=28656, stack(0x0000006e37800000,0x0000006e37900000)]
  0x000002317c1ca000 JavaThread "jar transforms Thread 13" [_thread_blocked, id=20788, stack(0x0000006e37900000,0x0000006e37a00000)]
  0x000002317c1cb800 JavaThread "jar transforms Thread 14" [_thread_blocked, id=6652, stack(0x0000006e37a00000,0x0000006e37b00000)]
  0x000002317c1ce000 JavaThread "jar transforms Thread 15" [_thread_blocked, id=12708, stack(0x0000006e37b00000,0x0000006e37c00000)]
  0x000002317c1cc800 JavaThread "jar transforms Thread 16" [_thread_blocked, id=6764, stack(0x0000006e37c00000,0x0000006e37d00000)]
  0x000002317df80800 JavaThread "jar transforms Thread 17" [_thread_blocked, id=18044, stack(0x0000006e37d00000,0x0000006e37e00000)]
  0x000002317df7c000 JavaThread "jar transforms Thread 18" [_thread_blocked, id=19080, stack(0x0000006e37e00000,0x0000006e37f00000)]
  0x000002317df81000 JavaThread "jar transforms Thread 19" [_thread_blocked, id=27552, stack(0x0000006e37f00000,0x0000006e38000000)]
  0x000002317df7e000 JavaThread "jar transforms Thread 20" [_thread_blocked, id=26120, stack(0x0000006e38000000,0x0000006e38100000)]
  0x000002317df7e800 JavaThread "jar transforms Thread 21" [_thread_blocked, id=2284, stack(0x0000006e38100000,0x0000006e38200000)]
  0x000002317df7b800 JavaThread "jar transforms Thread 22" [_thread_blocked, id=15264, stack(0x0000006e38200000,0x0000006e38300000)]
  0x000002317df83000 JavaThread "jar transforms Thread 23" [_thread_blocked, id=10176, stack(0x0000006e38300000,0x0000006e38400000)]
  0x000002317df7d000 JavaThread "jar transforms Thread 24" [_thread_blocked, id=23324, stack(0x0000006e38400000,0x0000006e38500000)]
  0x000002317df82000 JavaThread "jar transforms Thread 25" [_thread_blocked, id=15244, stack(0x0000006e38500000,0x0000006e38600000)]
  0x000002317df7f800 JavaThread "jar transforms Thread 26" [_thread_blocked, id=27896, stack(0x0000006e38600000,0x0000006e38700000)]
  0x000002317df83800 JavaThread "Cache worker for checksums cache (C:\Users\makrisp\AndroidStudioProjects\GpsLocationService\.gradle\checksums)" [_thread_blocked, id=24620, stack(0x0000006e38700000,0x0000006e38800000)]
  0x000002317df87000 JavaThread "Cache worker for cache directory md-supplier (C:\Users\makrisp\.gradle\caches\6.7.1\md-supplier)" [_thread_blocked, id=21904, stack(0x0000006e38800000,0x0000006e38900000)]
  0x000002317df88800 JavaThread "Cache worker for cache directory md-rule (C:\Users\makrisp\.gradle\caches\6.7.1\md-rule)" [_thread_blocked, id=23936, stack(0x0000006e38900000,0x0000006e38a00000)]
  0x000002317df84800 JavaThread "Cache worker for execution history cache (C:\Users\makrisp\.gradle\caches\6.7.1\executionHistory)" [_thread_blocked, id=25292, stack(0x0000006e38a00000,0x0000006e38b00000)]
  0x000002317df89800 JavaThread "Cache worker for file content cache (C:\Users\makrisp\.gradle\caches\6.7.1\fileContent)" [_thread_blocked, id=4472, stack(0x0000006e38b00000,0x0000006e38c00000)]
  0x000002317ec63800 JavaThread "Cache worker for Build Output Cleanup Cache (C:\Users\makrisp\AndroidStudioProjects\GpsLocationService\.gradle\buildOutputCleanup)" [_thread_blocked, id=22608, stack(0x0000006e38c00000,0x0000006e38d00000)]
  0x000002317ec65800 JavaThread "Build operations" [_thread_blocked, id=27460, stack(0x0000006e38d00000,0x0000006e38e00000)]
  0x000002317ec66000 JavaThread "Build operations Thread 2" [_thread_blocked, id=15932, stack(0x0000006e38e00000,0x0000006e38f00000)]
  0x000002317ec67000 JavaThread "Build operations Thread 3" [_thread_blocked, id=23976, stack(0x0000006e38f00000,0x0000006e39000000)]
  0x000002317ec61800 JavaThread "Build operations Thread 4" [_thread_blocked, id=23320, stack(0x0000006e39000000,0x0000006e39100000)]
  0x000002317ec68000 JavaThread "Build operations Thread 5" [_thread_blocked, id=9336, stack(0x0000006e39100000,0x0000006e39200000)]
  0x000002317ec64800 JavaThread "Build operations Thread 6" [_thread_blocked, id=1124, stack(0x0000006e39200000,0x0000006e39300000)]
  0x000002317ec62000 JavaThread "jar transforms Thread 27" [_thread_blocked, id=10480, stack(0x0000006e39300000,0x0000006e39400000)]
  0x000002317ec63000 JavaThread "jar transforms Thread 28" [_thread_blocked, id=27572, stack(0x0000006e39400000,0x0000006e39500000)]
  0x000002317e766000 JavaThread "jar transforms Thread 29" [_thread_blocked, id=19632, stack(0x0000006e39500000,0x0000006e39600000)]
  0x000002317e765000 JavaThread "jar transforms Thread 30" [_thread_blocked, id=13932, stack(0x0000006e39600000,0x0000006e39700000)]
  0x000002317e768800 JavaThread "jar transforms Thread 31" [_thread_blocked, id=3384, stack(0x0000006e39700000,0x0000006e39800000)]
  0x000002317e769800 JavaThread "jar transforms Thread 32" [_thread_blocked, id=11388, stack(0x0000006e39800000,0x0000006e39900000)]
  0x000002317e767000 JavaThread "jar transforms Thread 33" [_thread_blocked, id=26724, stack(0x0000006e39900000,0x0000006e39a00000)]
  0x000002317e767800 JavaThread "jar transforms Thread 34" [_thread_blocked, id=26968, stack(0x0000006e39a00000,0x0000006e39b00000)]
  0x000002317e76c800 JavaThread "jar transforms Thread 35" [_thread_blocked, id=4456, stack(0x0000006e39b00000,0x0000006e39c00000)]
  0x000002317e76b000 JavaThread "jar transforms Thread 36" [_thread_blocked, id=15308, stack(0x0000006e39c00000,0x0000006e39d00000)]
  0x000002317e76f000 JavaThread "jar transforms Thread 37" [_thread_blocked, id=20744, stack(0x0000006e39d00000,0x0000006e39e00000)]
  0x000002317e770000 JavaThread "jar transforms Thread 38" [_thread_blocked, id=6872, stack(0x0000006e39e00000,0x0000006e39f00000)]
  0x000002317e76d800 JavaThread "jar transforms Thread 39" [_thread_blocked, id=20296, stack(0x0000006e39f00000,0x0000006e3a000000)]
  0x000002317e76c000 JavaThread "jar transforms Thread 40" [_thread_blocked, id=28136, stack(0x0000006e3a000000,0x0000006e3a100000)]
  0x000002317e76a000 JavaThread "jar transforms Thread 41" [_thread_blocked, id=25304, stack(0x0000006e3a100000,0x0000006e3a200000)]
  0x000002317e771800 JavaThread "jar transforms Thread 42" [_thread_blocked, id=26388, stack(0x0000006e3a200000,0x0000006e3a300000)]
  0x000002317e770800 JavaThread "jar transforms Thread 43" [_thread_blocked, id=23924, stack(0x0000006e3a300000,0x0000006e3a400000)]
  0x000002317e772800 JavaThread "jar transforms Thread 44" [_thread_blocked, id=18504, stack(0x0000006e3a400000,0x0000006e3a500000)]
  0x000002317e76e000 JavaThread "jar transforms Thread 45" [_thread_blocked, id=26700, stack(0x0000006e3a500000,0x0000006e3a600000)]
  0x000002317e773000 JavaThread "jar transforms Thread 46" [_thread_blocked, id=18160, stack(0x0000006e3a600000,0x0000006e3a700000)]
  0x000002317e774000 JavaThread "jar transforms Thread 47" [_thread_blocked, id=14224, stack(0x0000006e3a700000,0x0000006e3a800000)]
  0x000002317e895800 JavaThread "jar transforms Thread 48" [_thread_blocked, id=25612, stack(0x0000006e3a800000,0x0000006e3a900000)]
  0x000002317e89a000 JavaThread "jar transforms Thread 49" [_thread_blocked, id=15248, stack(0x0000006e3a900000,0x0000006e3aa00000)]
  0x000002317e897000 JavaThread "jar transforms Thread 50" [_thread_blocked, id=21268, stack(0x0000006e3aa00000,0x0000006e3ab00000)]
  0x000002317e89c000 JavaThread "jar transforms Thread 51" [_thread_blocked, id=23760, stack(0x0000006e3ab00000,0x0000006e3ac00000)]
  0x000002317e896000 JavaThread "jar transforms Thread 52" [_thread_blocked, id=9880, stack(0x0000006e3ac00000,0x0000006e3ad00000)]
  0x000002317e89c800 JavaThread "jar transforms Thread 53" [_thread_blocked, id=22208, stack(0x0000006e3ad00000,0x0000006e3ae00000)]
  0x000002317e897800 JavaThread "jar transforms Thread 54" [_thread_blocked, id=24228, stack(0x0000006e3ae00000,0x0000006e3af00000)]
  0x000002317e89d800 JavaThread "jar transforms Thread 55" [_thread_blocked, id=23932, stack(0x0000006e3af00000,0x0000006e3b000000)]
  0x000002317e89e800 JavaThread "jar transforms Thread 56" [_thread_blocked, id=15604, stack(0x0000006e3b000000,0x0000006e3b100000)]
  0x000002317e898800 JavaThread "jar transforms Thread 57" [_thread_blocked, id=13892, stack(0x0000006e3b100000,0x0000006e3b200000)]
  0x000002317e89b000 JavaThread "jar transforms Thread 58" [_thread_blocked, id=18732, stack(0x0000006e3b200000,0x0000006e3b300000)]
  0x000002317e89f000 JavaThread "jar transforms Thread 59" [_thread_blocked, id=22028, stack(0x0000006e3b300000,0x0000006e3b400000)]
  0x000002317e899800 JavaThread "jar transforms Thread 60" [_thread_blocked, id=21440, stack(0x0000006e3b400000,0x0000006e3b500000)]
  0x000002317e8a0000 JavaThread "jar transforms Thread 61" [_thread_blocked, id=21512, stack(0x0000006e3b500000,0x0000006e3b600000)]
  0x000002317e8a0800 JavaThread "jar transforms Thread 62" [_thread_blocked, id=724, stack(0x0000006e3b600000,0x0000006e3b700000)]
  0x000002317e8a1800 JavaThread "jar transforms Thread 63" [_thread_blocked, id=23576, stack(0x0000006e3b700000,0x0000006e3b800000)]
  0x000002317e8a2800 JavaThread "jar transforms Thread 64" [_thread_blocked, id=2112, stack(0x0000006e3b800000,0x0000006e3b900000)]
  0x000002317e8a3000 JavaThread "jar transforms Thread 65" [_thread_blocked, id=23204, stack(0x0000006e3b900000,0x0000006e3ba00000)]
  0x000002317e8a4000 JavaThread "jar transforms Thread 66" [_thread_blocked, id=12392, stack(0x0000006e3ba00000,0x0000006e3bb00000)]
  0x000002310fde2000 JavaThread "jar transforms Thread 67" [_thread_blocked, id=13440, stack(0x0000006e3bb00000,0x0000006e3bc00000)]
  0x000002310fdde000 JavaThread "jar transforms Thread 68" [_thread_blocked, id=10664, stack(0x0000006e3bc00000,0x0000006e3bd00000)]
  0x000002310fde0800 JavaThread "jar transforms Thread 69" [_thread_blocked, id=5396, stack(0x0000006e3bd00000,0x0000006e3be00000)]
  0x000002310fde0000 JavaThread "jar transforms Thread 70" [_thread_blocked, id=27152, stack(0x0000006e3be00000,0x0000006e3bf00000)]
  0x000002310fddf000 JavaThread "jar transforms Thread 71" [_thread_blocked, id=26412, stack(0x0000006e3bf00000,0x0000006e3c000000)]
  0x000002310fde1800 JavaThread "jar transforms Thread 72" [_thread_blocked, id=10536, stack(0x0000006e3c000000,0x0000006e3c100000)]
  0x000002310fde3000 JavaThread "jar transforms Thread 73" [_thread_blocked, id=26512, stack(0x0000006e3c100000,0x0000006e3c200000)]
  0x000002310fddd800 JavaThread "jar transforms Thread 74" [_thread_blocked, id=13544, stack(0x0000006e3c200000,0x0000006e3c300000)]
  0x000002310fde4000 JavaThread "jar transforms Thread 75" [_thread_blocked, id=16240, stack(0x0000006e3c300000,0x0000006e3c400000)]
  0x000002310fcb4800 JavaThread "jar transforms Thread 76" [_thread_blocked, id=20752, stack(0x0000006e3c400000,0x0000006e3c500000)]
  0x000002310fcb7800 JavaThread "jar transforms Thread 77" [_thread_blocked, id=21728, stack(0x0000006e3c500000,0x0000006e3c600000)]
  0x000002310fcbb000 JavaThread "jar transforms Thread 78" [_thread_blocked, id=7440, stack(0x0000006e3c600000,0x0000006e3c700000)]
  0x000002310fcb9000 JavaThread "jar transforms Thread 79" [_thread_blocked, id=10420, stack(0x0000006e3c700000,0x0000006e3c800000)]
  0x000002310fcb6000 JavaThread "jar transforms Thread 80" [_thread_blocked, id=5932, stack(0x0000006e3c800000,0x0000006e3c900000)]
  0x000002310fcba000 JavaThread "jar transforms Thread 81" [_thread_blocked, id=20288, stack(0x0000006e3c900000,0x0000006e3ca00000)]
  0x000002310fcb8800 JavaThread "jar transforms Thread 82" [_thread_blocked, id=20024, stack(0x0000006e3ca00000,0x0000006e3cb00000)]
  0x000002310fcb5000 JavaThread "jar transforms Thread 83" [_thread_blocked, id=5676, stack(0x0000006e3cb00000,0x0000006e3cc00000)]
  0x000002310fcb7000 JavaThread "jar transforms Thread 84" [_thread_blocked, id=10328, stack(0x0000006e3cc00000,0x0000006e3cd00000)]
  0x000002310fcc0000 JavaThread "jar transforms Thread 85" [_thread_blocked, id=15040, stack(0x0000006e3cd00000,0x0000006e3ce00000)]
  0x000002310fcbd800 JavaThread "jar transforms Thread 86" [_thread_blocked, id=15404, stack(0x0000006e3ce00000,0x0000006e3cf00000)]
  0x000002310fcbe000 JavaThread "jar transforms Thread 87" [_thread_blocked, id=18308, stack(0x0000006e3cf00000,0x0000006e3d000000)]
  0x000002310fcc1800 JavaThread "jar transforms Thread 88" [_thread_blocked, id=10440, stack(0x0000006e3d000000,0x0000006e3d100000)]
  0x000002310fcc0800 JavaThread "jar transforms Thread 89" [_thread_blocked, id=21336, stack(0x0000006e3d100000,0x0000006e3d200000)]
  0x000002310fcbf000 JavaThread "jar transforms Thread 90" [_thread_blocked, id=11808, stack(0x0000006e3d200000,0x0000006e3d300000)]
  0x000002310fcbb800 JavaThread "jar transforms Thread 91" [_thread_blocked, id=9328, stack(0x0000006e3d300000,0x0000006e3d400000)]
  0x000002310fcc2000 JavaThread "jar transforms Thread 92" [_thread_blocked, id=21320, stack(0x0000006e3d400000,0x0000006e3d500000)]
  0x000002310fcbc800 JavaThread "jar transforms Thread 93" [_thread_blocked, id=10736, stack(0x0000006e3d500000,0x0000006e3d600000)]
  0x000002310fcc3000 JavaThread "jar transforms Thread 94" [_thread_blocked, id=11956, stack(0x0000006e3d600000,0x0000006e3d700000)]
  0x000002317c630000 JavaThread "jar transforms Thread 95" [_thread_blocked, id=16236, stack(0x0000006e3d700000,0x0000006e3d800000)]
  0x000002317c630800 JavaThread "jar transforms Thread 96" [_thread_blocked, id=11108, stack(0x0000006e3d800000,0x0000006e3d900000)]
  0x000002317c631800 JavaThread "jar transforms Thread 97" [_thread_blocked, id=18172, stack(0x0000006e3d900000,0x0000006e3da00000)]
  0x000002317c62f000 JavaThread "jar transforms Thread 98" [_thread_blocked, id=23752, stack(0x0000006e3da00000,0x0000006e3db00000)]
  0x000002317c633000 JavaThread "jar transforms Thread 99" [_thread_blocked, id=23768, stack(0x0000006e3db00000,0x0000006e3dc00000)]
  0x000002317c634000 JavaThread "jar transforms Thread 100" [_thread_blocked, id=21768, stack(0x0000006e3dc00000,0x0000006e3dd00000)]
  0x000002317c62e000 JavaThread "jar transforms Thread 101" [_thread_blocked, id=12432, stack(0x0000006e3dd00000,0x0000006e3de00000)]
  0x000002317c632000 JavaThread "jar transforms Thread 102" [_thread_blocked, id=17684, stack(0x0000006e3de00000,0x0000006e3df00000)]
  0x000002317c63a800 JavaThread "jar transforms Thread 103" [_thread_blocked, id=15060, stack(0x0000006e3df00000,0x0000006e3e000000)]
  0x000002317c634800 JavaThread "jar transforms Thread 104" [_thread_blocked, id=15008, stack(0x0000006e3e000000,0x0000006e3e100000)]
  0x000002317c636800 JavaThread "jar transforms Thread 105" [_thread_blocked, id=20804, stack(0x0000006e3e100000,0x0000006e3e200000)]
  0x000002317c63b000 JavaThread "jar transforms Thread 106" [_thread_blocked, id=11136, stack(0x0000006e3e200000,0x0000006e3e300000)]
  0x000002317c635800 JavaThread "jar transforms Thread 107" [_thread_blocked, id=16252, stack(0x0000006e3e300000,0x0000006e3e400000)]
  0x000002317c639800 JavaThread "jar transforms Thread 108" [_thread_blocked, id=16132, stack(0x0000006e3e400000,0x0000006e3e500000)]
  0x000002317c63c000 JavaThread "jar transforms Thread 109" [_thread_blocked, id=15864, stack(0x0000006e3e500000,0x0000006e3e600000)]
  0x000002317c637000 JavaThread "jar transforms Thread 110" [_thread_blocked, id=21312, stack(0x0000006e3e600000,0x0000006e3e700000)]
  0x000002317c63d000 JavaThread "jar transforms Thread 111" [_thread_blocked, id=17724, stack(0x0000006e3e700000,0x0000006e3e800000)]
  0x000002317c638000 JavaThread "jar transforms Thread 112" [_thread_blocked, id=11996, stack(0x0000006e3e800000,0x0000006e3e900000)]
  0x000002317c639000 JavaThread "jar transforms Thread 113" [_thread_blocked, id=7412, stack(0x0000006e3e900000,0x0000006e3ea00000)]
  0x000002317e7ae000 JavaThread "jar transforms Thread 114" [_thread_blocked, id=26248, stack(0x0000006e3ea00000,0x0000006e3eb00000)]
  0x000002317e7b2000 JavaThread "jar transforms Thread 115" [_thread_blocked, id=5136, stack(0x0000006e3eb00000,0x0000006e3ec00000)]
  0x000002317e7ac800 JavaThread "jar transforms Thread 116" [_thread_blocked, id=7556, stack(0x0000006e3ec00000,0x0000006e3ed00000)]
  0x000002317e7b0800 JavaThread "jar transforms Thread 117" [_thread_blocked, id=22500, stack(0x0000006e3ed00000,0x0000006e3ee00000)]
  0x000002317e7ae800 JavaThread "jar transforms Thread 118" [_thread_blocked, id=26596, stack(0x0000006e3ee00000,0x0000006e3ef00000)]
  0x000002317e7b1000 JavaThread "jar transforms Thread 119" [_thread_blocked, id=18372, stack(0x0000006e3ef00000,0x0000006e3f000000)]
  0x0000023110188800 JavaThread "C2 CompilerThread1" daemon [_thread_blocked, id=28472, stack(0x0000006e3f000000,0x0000006e3f100000)]
  0x000002317e7b3000 JavaThread "Memory manager" [_thread_blocked, id=23348, stack(0x0000006e3f100000,0x0000006e3f200000)]

Other Threads:
  0x00000231799ad800 VMThread "VM Thread" [stack: 0x0000006e34b00000,0x0000006e34c00000] [id=22796]
  0x0000023179bd4000 WatcherThread [stack: 0x0000006e35500000,0x0000006e35600000] [id=21172]
  0x000002316e105800 GCTaskThread "GC Thread#0" [stack: 0x0000006e34600000,0x0000006e34700000] [id=19980]
  0x000002317a2e8800 GCTaskThread "GC Thread#1" [stack: 0x0000006e35700000,0x0000006e35800000] [id=27380]
  0x000002317a830800 GCTaskThread "GC Thread#2" [stack: 0x0000006e35800000,0x0000006e35900000] [id=18028]
  0x000002317a643800 GCTaskThread "GC Thread#3" [stack: 0x0000006e35900000,0x0000006e35a00000] [id=17336]
  0x000002317a644000 GCTaskThread "GC Thread#4" [stack: 0x0000006e35a00000,0x0000006e35b00000] [id=23864]
  0x000002317a77a000 GCTaskThread "GC Thread#5" [stack: 0x0000006e35b00000,0x0000006e35c00000] [id=7024]
  0x000002316e136000 ConcurrentGCThread "G1 Main Marker" [stack: 0x0000006e34700000,0x0000006e34800000] [id=10568]
  0x000002316e138800 ConcurrentGCThread "G1 Conc#0" [stack: 0x0000006e34800000,0x0000006e34900000] [id=27516]
  0x000002317b99a000 ConcurrentGCThread "G1 Conc#1" [stack: 0x0000006e36a00000,0x0000006e36b00000] [id=25840]
  0x0000023178ffc800 ConcurrentGCThread "G1 Refine#0" [stack: 0x0000006e34900000,0x0000006e34a00000] [id=18788]
  0x0000023179c7e000 ConcurrentGCThread "G1 Refine#1" [stack: 0x0000006e35600000,0x0000006e35700000] [id=19116]
  0x0000023178ffd800 ConcurrentGCThread "G1 Young RemSet Sampling" [stack: 0x0000006e34a00000,0x0000006e34b00000] [id=24540]

Threads with active compile tasks:
C2 CompilerThread0   6212 6203   !   4       java.net.URL::<init> (543 bytes)

VM state:not at safepoint (normal execution)

VM Mutex/Monitor currently owned by a thread: None

Heap address: 0x0000000080000000, size: 2048 MB, Compressed Oops mode: 32-bit
Narrow klass base: 0x0000000000000000, Narrow klass shift: 3
Compressed class space size: 1073741824 Address: 0x0000000100000000

Heap:
 garbage-first heap   total 260096K, used 104212K [0x0000000080000000, 0x0000000100000000)
  region size 1024K, 34 young (34816K), 9 survivors (9216K)
 Metaspace       used 68164K, capacity 69908K, committed 70092K, reserved 1110016K
  class space    used 8833K, capacity 9413K, committed 9472K, reserved 1048576K
Heap Regions: E=young(eden), S=young(survivor), O=old, HS=humongous(starts), HC=humongous(continues), CS=collection set, F=free, A=archive, TAMS=top-at-mark-start (previous, next)
|   0|0x0000000080000000, 0x0000000080100000, 0x0000000080100000|100%|HS|  |TAMS 0x0000000080100000, 0x0000000080000000| Complete 
|   1|0x0000000080100000, 0x0000000080200000, 0x0000000080200000|100%|HC|  |TAMS 0x0000000080200000, 0x0000000080100000| Complete 
|   2|0x0000000080200000, 0x0000000080300000, 0x0000000080300000|100%| O|  |TAMS 0x0000000080300000, 0x0000000080200000| Untracked 
|   3|0x0000000080300000, 0x0000000080400000, 0x0000000080400000|100%|HS|  |TAMS 0x0000000080400000, 0x0000000080300000| Complete 
|   4|0x0000000080400000, 0x0000000080500000, 0x0000000080500000|100%|HC|  |TAMS 0x0000000080500000, 0x0000000080400000| Complete 
|   5|0x0000000080500000, 0x0000000080600000, 0x0000000080600000|100%|HC|  |TAMS 0x0000000080600000, 0x0000000080500000| Complete 
|   6|0x0000000080600000, 0x0000000080700000, 0x0000000080700000|100%| O|  |TAMS 0x0000000080700000, 0x0000000080600000| Untracked 
|   7|0x0000000080700000, 0x0000000080800000, 0x0000000080800000|100%| O|  |TAMS 0x0000000080800000, 0x0000000080700000| Untracked 
|   8|0x0000000080800000, 0x0000000080900000, 0x0000000080900000|100%| O|  |TAMS 0x0000000080900000, 0x0000000080800000| Untracked 
|   9|0x0000000080900000, 0x0000000080a00000, 0x0000000080a00000|100%|HS|  |TAMS 0x0000000080a00000, 0x0000000080900000| Complete 
|  10|0x0000000080a00000, 0x0000000080b00000, 0x0000000080b00000|100%|HC|  |TAMS 0x0000000080b00000, 0x0000000080a00000| Complete 
|  11|0x0000000080b00000, 0x0000000080c00000, 0x0000000080c00000|100%|HC|  |TAMS 0x0000000080c00000, 0x0000000080b00000| Complete 
|  12|0x0000000080c00000, 0x0000000080d00000, 0x0000000080d00000|100%|HS|  |TAMS 0x0000000080d00000, 0x0000000080c00000| Complete 
|  13|0x0000000080d00000, 0x0000000080e00000, 0x0000000080e00000|100%|HC|  |TAMS 0x0000000080e00000, 0x0000000080d00000| Complete 
|  14|0x0000000080e00000, 0x0000000080f00000, 0x0000000080f00000|100%|HC|  |TAMS 0x0000000080f00000, 0x0000000080e00000| Complete 
|  15|0x0000000080f00000, 0x0000000081000000, 0x0000000081000000|100%|HC|  |TAMS 0x0000000081000000, 0x0000000080f00000| Complete 
|  16|0x0000000081000000, 0x0000000081100000, 0x0000000081100000|100%| O|  |TAMS 0x0000000081100000, 0x0000000081000000| Untracked 
|  17|0x0000000081100000, 0x0000000081200000, 0x0000000081200000|100%| O|  |TAMS 0x0000000081200000, 0x0000000081100000| Untracked 
|  18|0x0000000081200000, 0x0000000081300000, 0x0000000081300000|100%| O|  |TAMS 0x0000000081300000, 0x0000000081200000| Untracked 
|  19|0x0000000081300000, 0x0000000081400000, 0x0000000081400000|100%| O|  |TAMS 0x0000000081400000, 0x0000000081300000| Untracked 
|  20|0x0000000081400000, 0x0000000081500000, 0x0000000081500000|100%| O|  |TAMS 0x0000000081500000, 0x0000000081400000| Untracked 
|  21|0x0000000081500000, 0x0000000081600000, 0x0000000081600000|100%| O|  |TAMS 0x0000000081600000, 0x0000000081500000| Untracked 
|  22|0x0000000081600000, 0x0000000081700000, 0x0000000081700000|100%| O|  |TAMS 0x0000000081700000, 0x0000000081600000| Untracked 
|  23|0x0000000081700000, 0x00000000817ffff8, 0x0000000081800000| 99%| O|  |TAMS 0x00000000817ffff8, 0x0000000081700000| Untracked 
|  24|0x0000000081800000, 0x0000000081900000, 0x0000000081900000|100%| O|  |TAMS 0x0000000081900000, 0x0000000081800000| Untracked 
|  25|0x0000000081900000, 0x0000000081a00000, 0x0000000081a00000|100%|HS|  |TAMS 0x0000000081a00000, 0x0000000081900000| Complete 
|  26|0x0000000081a00000, 0x0000000081b00000, 0x0000000081b00000|100%|HS|  |TAMS 0x0000000081b00000, 0x0000000081a00000| Complete 
|  27|0x0000000081b00000, 0x0000000081c00000, 0x0000000081c00000|100%| O|  |TAMS 0x0000000081c00000, 0x0000000081b00000| Untracked 
|  28|0x0000000081c00000, 0x0000000081d00000, 0x0000000081d00000|100%|HS|  |TAMS 0x0000000081d00000, 0x0000000081c00000| Complete 
|  29|0x0000000081d00000, 0x0000000081e00000, 0x0000000081e00000|100%|HC|  |TAMS 0x0000000081e00000, 0x0000000081d00000| Complete 
|  30|0x0000000081e00000, 0x0000000081f00000, 0x0000000081f00000|100%|HC|  |TAMS 0x0000000081f00000, 0x0000000081e00000| Complete 
|  31|0x0000000081f00000, 0x0000000082000000, 0x0000000082000000|100%| O|  |TAMS 0x0000000082000000, 0x0000000081f00000| Untracked 
|  32|0x0000000082000000, 0x0000000082100000, 0x0000000082100000|100%|HS|  |TAMS 0x0000000082100000, 0x0000000082000000| Complete 
|  33|0x0000000082100000, 0x0000000082200000, 0x0000000082200000|100%|HC|  |TAMS 0x0000000082200000, 0x0000000082100000| Complete 
|  34|0x0000000082200000, 0x0000000082300000, 0x0000000082300000|100%|HC|  |TAMS 0x0000000082300000, 0x0000000082200000| Complete 
|  35|0x0000000082300000, 0x0000000082400000, 0x0000000082400000|100%|HC|  |TAMS 0x0000000082400000, 0x0000000082300000| Complete 
|  36|0x0000000082400000, 0x0000000082500000, 0x0000000082500000|100%| O|  |TAMS 0x0000000082500000, 0x0000000082400000| Untracked 
|  37|0x0000000082500000, 0x0000000082600000, 0x0000000082600000|100%| O|  |TAMS 0x0000000082600000, 0x0000000082500000| Untracked 
|  38|0x0000000082600000, 0x0000000082700000, 0x0000000082700000|100%| O|  |TAMS 0x0000000082700000, 0x0000000082600000| Untracked 
|  39|0x0000000082700000, 0x0000000082800000, 0x0000000082800000|100%| O|  |TAMS 0x0000000082800000, 0x0000000082700000| Untracked 
|  40|0x0000000082800000, 0x0000000082900000, 0x0000000082900000|100%| O|  |TAMS 0x0000000082900000, 0x0000000082800000| Untracked 
|  41|0x0000000082900000, 0x0000000082a00000, 0x0000000082a00000|100%| O|  |TAMS 0x0000000082a00000, 0x0000000082900000| Untracked 
|  42|0x0000000082a00000, 0x0000000082b00000, 0x0000000082b00000|100%|HS|  |TAMS 0x0000000082b00000, 0x0000000082a00000| Complete 
|  43|0x0000000082b00000, 0x0000000082c00000, 0x0000000082c00000|100%|HC|  |TAMS 0x0000000082c00000, 0x0000000082b00000| Complete 
|  44|0x0000000082c00000, 0x0000000082d00000, 0x0000000082d00000|100%|HC|  |TAMS 0x0000000082d00000, 0x0000000082c00000| Complete 
|  45|0x0000000082d00000, 0x0000000082e00000, 0x0000000082e00000|100%|HS|  |TAMS 0x0000000082e00000, 0x0000000082d00000| Complete 
|  46|0x0000000082e00000, 0x0000000082f00000, 0x0000000082f00000|100%|HC|  |TAMS 0x0000000082f00000, 0x0000000082e00000| Complete 
|  47|0x0000000082f00000, 0x0000000083000000, 0x0000000083000000|100%| O|  |TAMS 0x0000000083000000, 0x0000000082f00000| Untracked 
|  48|0x0000000083000000, 0x0000000083100000, 0x0000000083100000|100%| O|  |TAMS 0x0000000083100000, 0x0000000083000000| Untracked 
|  49|0x0000000083100000, 0x0000000083200000, 0x0000000083200000|100%| O|  |TAMS 0x0000000083200000, 0x0000000083100000| Untracked 
|  50|0x0000000083200000, 0x0000000083300000, 0x0000000083300000|100%| O|  |TAMS 0x0000000083300000, 0x0000000083200000| Untracked 
|  51|0x0000000083300000, 0x0000000083400000, 0x0000000083400000|100%| O|  |TAMS 0x0000000083400000, 0x0000000083300000| Untracked 
|  52|0x0000000083400000, 0x0000000083500000, 0x0000000083500000|100%| O|  |TAMS 0x0000000083500000, 0x0000000083400000| Untracked 
|  53|0x0000000083500000, 0x0000000083600000, 0x0000000083600000|100%| O|  |TAMS 0x0000000083600000, 0x0000000083500000| Untracked 
|  54|0x0000000083600000, 0x0000000083700000, 0x0000000083700000|100%| O|  |TAMS 0x0000000083700000, 0x0000000083600000| Untracked 
|  55|0x0000000083700000, 0x0000000083800000, 0x0000000083800000|100%| O|  |TAMS 0x0000000083800000, 0x0000000083700000| Untracked 
|  56|0x0000000083800000, 0x0000000083900000, 0x0000000083900000|100%| O|  |TAMS 0x0000000083900000, 0x0000000083800000| Untracked 
|  57|0x0000000083900000, 0x0000000083a00000, 0x0000000083a00000|100%| O|  |TAMS 0x0000000083a00000, 0x0000000083900000| Untracked 
|  58|0x0000000083a00000, 0x0000000083b00000, 0x0000000083b00000|100%| O|  |TAMS 0x0000000083b00000, 0x0000000083a00000| Untracked 
|  59|0x0000000083b00000, 0x0000000083c00000, 0x0000000083c00000|100%| O|  |TAMS 0x0000000083c00000, 0x0000000083b00000| Untracked 
|  60|0x0000000083c00000, 0x0000000083d00000, 0x0000000083d00000|100%| O|  |TAMS 0x0000000083d00000, 0x0000000083c00000| Untracked 
|  61|0x0000000083d00000, 0x0000000083e00000, 0x0000000083e00000|100%| O|  |TAMS 0x0000000083e00000, 0x0000000083d00000| Untracked 
|  62|0x0000000083e00000, 0x0000000083f00000, 0x0000000083f00000|100%| O|  |TAMS 0x0000000083f00000, 0x0000000083e00000| Untracked 
|  63|0x0000000083f00000, 0x0000000084000000, 0x0000000084000000|100%| O|  |TAMS 0x0000000084000000, 0x0000000083f00000| Untracked 
|  64|0x0000000084000000, 0x0000000084100000, 0x0000000084100000|100%| O|  |TAMS 0x0000000084100000, 0x0000000084000000| Untracked 
|  65|0x0000000084100000, 0x0000000084200000, 0x0000000084200000|100%| O|  |TAMS 0x0000000084200000, 0x0000000084100000| Untracked 
|  66|0x0000000084200000, 0x0000000084300000, 0x0000000084300000|100%| O|  |TAMS 0x0000000084300000, 0x0000000084200000| Untracked 
|  67|0x0000000084300000, 0x0000000084400000, 0x0000000084400000|100%| O|  |TAMS 0x0000000084400000, 0x0000000084300000| Untracked 
|  68|0x0000000084400000, 0x00000000844c5400, 0x0000000084500000| 77%| O|  |TAMS 0x00000000844c5400, 0x0000000084400000| Untracked 
|  69|0x0000000084500000, 0x0000000084500000, 0x0000000084600000|  0%| F|  |TAMS 0x0000000084500000, 0x0000000084500000| Untracked 
|  70|0x0000000084600000, 0x0000000084600000, 0x0000000084700000|  0%| F|  |TAMS 0x0000000084600000, 0x0000000084600000| Untracked 
|  71|0x0000000084700000, 0x0000000084700000, 0x0000000084800000|  0%| F|  |TAMS 0x0000000084700000, 0x0000000084700000| Untracked 
|  72|0x0000000084800000, 0x0000000084800000, 0x0000000084900000|  0%| F|  |TAMS 0x0000000084800000, 0x0000000084800000| Untracked 
|  73|0x0000000084900000, 0x0000000084900000, 0x0000000084a00000|  0%| F|  |TAMS 0x0000000084900000, 0x0000000084900000| Untracked 
|  74|0x0000000084a00000, 0x0000000084a00000, 0x0000000084b00000|  0%| F|  |TAMS 0x0000000084a00000, 0x0000000084a00000| Untracked 
|  75|0x0000000084b00000, 0x0000000084b00000, 0x0000000084c00000|  0%| F|  |TAMS 0x0000000084b00000, 0x0000000084b00000| Untracked 
|  76|0x0000000084c00000, 0x0000000084c00000, 0x0000000084d00000|  0%| F|  |TAMS 0x0000000084c00000, 0x0000000084c00000| Untracked 
|  77|0x0000000084d00000, 0x0000000084d00000, 0x0000000084e00000|  0%| F|  |TAMS 0x0000000084d00000, 0x0000000084d00000| Untracked 
|  78|0x0000000084e00000, 0x0000000084e00000, 0x0000000084f00000|  0%| F|  |TAMS 0x0000000084e00000, 0x0000000084e00000| Untracked 
|  79|0x0000000084f00000, 0x0000000084f00000, 0x0000000085000000|  0%| F|  |TAMS 0x0000000084f00000, 0x0000000084f00000| Untracked 
|  80|0x0000000085000000, 0x0000000085000000, 0x0000000085100000|  0%| F|  |TAMS 0x0000000085000000, 0x0000000085000000| Untracked 
|  81|0x0000000085100000, 0x0000000085100000, 0x0000000085200000|  0%| F|  |TAMS 0x0000000085100000, 0x0000000085100000| Untracked 
|  82|0x0000000085200000, 0x0000000085200000, 0x0000000085300000|  0%| F|  |TAMS 0x0000000085200000, 0x0000000085200000| Untracked 
|  83|0x0000000085300000, 0x0000000085300000, 0x0000000085400000|  0%| F|  |TAMS 0x0000000085300000, 0x0000000085300000| Untracked 
|  84|0x0000000085400000, 0x0000000085400000, 0x0000000085500000|  0%| F|  |TAMS 0x0000000085400000, 0x0000000085400000| Untracked 
|  85|0x0000000085500000, 0x0000000085500000, 0x0000000085600000|  0%| F|  |TAMS 0x0000000085500000, 0x0000000085500000| Untracked 
|  86|0x0000000085600000, 0x0000000085600000, 0x0000000085700000|  0%| F|  |TAMS 0x0000000085600000, 0x0000000085600000| Untracked 
|  87|0x0000000085700000, 0x0000000085700000, 0x0000000085800000|  0%| F|  |TAMS 0x0000000085700000, 0x0000000085700000| Untracked 
|  88|0x0000000085800000, 0x0000000085800000, 0x0000000085900000|  0%| F|  |TAMS 0x0000000085800000, 0x0000000085800000| Untracked 
|  89|0x0000000085900000, 0x0000000085900000, 0x0000000085a00000|  0%| F|  |TAMS 0x0000000085900000, 0x0000000085900000| Untracked 
|  90|0x0000000085a00000, 0x0000000085a00000, 0x0000000085b00000|  0%| F|  |TAMS 0x0000000085a00000, 0x0000000085a00000| Untracked 
|  91|0x0000000085b00000, 0x0000000085b00000, 0x0000000085c00000|  0%| F|  |TAMS 0x0000000085b00000, 0x0000000085b00000| Untracked 
|  92|0x0000000085c00000, 0x0000000085c00000, 0x0000000085d00000|  0%| F|  |TAMS 0x0000000085c00000, 0x0000000085c00000| Untracked 
|  93|0x0000000085d00000, 0x0000000085d00000, 0x0000000085e00000|  0%| F|  |TAMS 0x0000000085d00000, 0x0000000085d00000| Untracked 
|  94|0x0000000085e00000, 0x0000000085e00000, 0x0000000085f00000|  0%| F|  |TAMS 0x0000000085e00000, 0x0000000085e00000| Untracked 
|  95|0x0000000085f00000, 0x0000000085f00000, 0x0000000086000000|  0%| F|  |TAMS 0x0000000085f00000, 0x0000000085f00000| Untracked 
|  96|0x0000000086000000, 0x0000000086000000, 0x0000000086100000|  0%| F|  |TAMS 0x0000000086000000, 0x0000000086000000| Untracked 
|  97|0x0000000086100000, 0x0000000086100000, 0x0000000086200000|  0%| F|  |TAMS 0x0000000086100000, 0x0000000086100000| Untracked 
|  98|0x0000000086200000, 0x0000000086200000, 0x0000000086300000|  0%| F|  |TAMS 0x0000000086200000, 0x0000000086200000| Untracked 
|  99|0x0000000086300000, 0x0000000086300000, 0x0000000086400000|  0%| F|  |TAMS 0x0000000086300000, 0x0000000086300000| Untracked 
| 100|0x0000000086400000, 0x0000000086400000, 0x0000000086500000|  0%| F|  |TAMS 0x0000000086400000, 0x0000000086400000| Untracked 
| 101|0x0000000086500000, 0x0000000086500000, 0x0000000086600000|  0%| F|  |TAMS 0x0000000086500000, 0x0000000086500000| Untracked 
| 102|0x0000000086600000, 0x0000000086600000, 0x0000000086700000|  0%| F|  |TAMS 0x0000000086600000, 0x0000000086600000| Untracked 
| 103|0x0000000086700000, 0x0000000086700000, 0x0000000086800000|  0%| F|  |TAMS 0x0000000086700000, 0x0000000086700000| Untracked 
| 104|0x0000000086800000, 0x0000000086800000, 0x0000000086900000|  0%| F|  |TAMS 0x0000000086800000, 0x0000000086800000| Untracked 
| 105|0x0000000086900000, 0x0000000086900000, 0x0000000086a00000|  0%| F|  |TAMS 0x0000000086900000, 0x0000000086900000| Untracked 
| 106|0x0000000086a00000, 0x0000000086a00000, 0x0000000086b00000|  0%| F|  |TAMS 0x0000000086a00000, 0x0000000086a00000| Untracked 
| 107|0x0000000086b00000, 0x0000000086b00000, 0x0000000086c00000|  0%| F|  |TAMS 0x0000000086b00000, 0x0000000086b00000| Untracked 
| 108|0x0000000086c00000, 0x0000000086c00000, 0x0000000086d00000|  0%| F|  |TAMS 0x0000000086c00000, 0x0000000086c00000| Untracked 
| 109|0x0000000086d00000, 0x0000000086d00000, 0x0000000086e00000|  0%| F|  |TAMS 0x0000000086d00000, 0x0000000086d00000| Untracked 
| 110|0x0000000086e00000, 0x0000000086e00000, 0x0000000086f00000|  0%| F|  |TAMS 0x0000000086e00000, 0x0000000086e00000| Untracked 
| 111|0x0000000086f00000, 0x0000000086f00000, 0x0000000087000000|  0%| F|  |TAMS 0x0000000086f00000, 0x0000000086f00000| Untracked 
| 112|0x0000000087000000, 0x0000000087000000, 0x0000000087100000|  0%| F|  |TAMS 0x0000000087000000, 0x0000000087000000| Untracked 
| 113|0x0000000087100000, 0x0000000087100000, 0x0000000087200000|  0%| F|  |TAMS 0x0000000087100000, 0x0000000087100000| Untracked 
| 114|0x0000000087200000, 0x0000000087200000, 0x0000000087300000|  0%| F|  |TAMS 0x0000000087200000, 0x0000000087200000| Untracked 
| 115|0x0000000087300000, 0x0000000087300000, 0x0000000087400000|  0%| F|  |TAMS 0x0000000087300000, 0x0000000087300000| Untracked 
| 116|0x0000000087400000, 0x0000000087400000, 0x0000000087500000|  0%| F|  |TAMS 0x0000000087400000, 0x0000000087400000| Untracked 
| 117|0x0000000087500000, 0x0000000087500000, 0x0000000087600000|  0%| F|  |TAMS 0x0000000087500000, 0x0000000087500000| Untracked 
| 118|0x0000000087600000, 0x0000000087600000, 0x0000000087700000|  0%| F|  |TAMS 0x0000000087600000, 0x0000000087600000| Untracked 
| 119|0x0000000087700000, 0x0000000087700000, 0x0000000087800000|  0%| F|  |TAMS 0x0000000087700000, 0x0000000087700000| Untracked 
| 120|0x0000000087800000, 0x0000000087800000, 0x0000000087900000|  0%| F|  |TAMS 0x0000000087800000, 0x0000000087800000| Untracked 
| 121|0x0000000087900000, 0x0000000087900000, 0x0000000087a00000|  0%| F|  |TAMS 0x0000000087900000, 0x0000000087900000| Untracked 
| 122|0x0000000087a00000, 0x0000000087a00000, 0x0000000087b00000|  0%| F|  |TAMS 0x0000000087a00000, 0x0000000087a00000| Untracked 
| 123|0x0000000087b00000, 0x0000000087b00000, 0x0000000087c00000|  0%| F|  |TAMS 0x0000000087b00000, 0x0000000087b00000| Untracked 
| 124|0x0000000087c00000, 0x0000000087c00000, 0x0000000087d00000|  0%| F|  |TAMS 0x0000000087c00000, 0x0000000087c00000| Untracked 
| 125|0x0000000087d00000, 0x0000000087d00000, 0x0000000087e00000|  0%| F|  |TAMS 0x0000000087d00000, 0x0000000087d00000| Untracked 
| 126|0x0000000087e00000, 0x0000000087e00000, 0x0000000087f00000|  0%| F|  |TAMS 0x0000000087e00000, 0x0000000087e00000| Untracked 
| 127|0x0000000087f00000, 0x0000000087f00000, 0x0000000088000000|  0%| F|  |TAMS 0x0000000087f00000, 0x0000000087f00000| Untracked 
| 128|0x0000000088000000, 0x0000000088000000, 0x0000000088100000|  0%| F|  |TAMS 0x0000000088000000, 0x0000000088000000| Untracked 
| 129|0x0000000088100000, 0x0000000088100000, 0x0000000088200000|  0%| F|  |TAMS 0x0000000088100000, 0x0000000088100000| Untracked 
| 130|0x0000000088200000, 0x0000000088200000, 0x0000000088300000|  0%| F|  |TAMS 0x0000000088200000, 0x0000000088200000| Untracked 
| 131|0x0000000088300000, 0x0000000088300000, 0x0000000088400000|  0%| F|  |TAMS 0x0000000088300000, 0x0000000088300000| Untracked 
| 132|0x0000000088400000, 0x0000000088400000, 0x0000000088500000|  0%| F|  |TAMS 0x0000000088400000, 0x0000000088400000| Untracked 
| 133|0x0000000088500000, 0x0000000088500000, 0x0000000088600000|  0%| F|  |TAMS 0x0000000088500000, 0x0000000088500000| Untracked 
| 134|0x0000000088600000, 0x0000000088600000, 0x0000000088700000|  0%| F|  |TAMS 0x0000000088600000, 0x0000000088600000| Untracked 
| 135|0x0000000088700000, 0x0000000088700000, 0x0000000088800000|  0%| F|  |TAMS 0x0000000088700000, 0x0000000088700000| Untracked 
| 136|0x0000000088800000, 0x0000000088800000, 0x0000000088900000|  0%| F|  |TAMS 0x0000000088800000, 0x0000000088800000| Untracked 
| 137|0x0000000088900000, 0x0000000088900000, 0x0000000088a00000|  0%| F|  |TAMS 0x0000000088900000, 0x0000000088900000| Untracked 
| 138|0x0000000088a00000, 0x0000000088a00000, 0x0000000088b00000|  0%| F|  |TAMS 0x0000000088a00000, 0x0000000088a00000| Untracked 
| 139|0x0000000088b00000, 0x0000000088b00000, 0x0000000088c00000|  0%| F|  |TAMS 0x0000000088b00000, 0x0000000088b00000| Untracked 
| 140|0x0000000088c00000, 0x0000000088c00000, 0x0000000088d00000|  0%| F|  |TAMS 0x0000000088c00000, 0x0000000088c00000| Untracked 
| 141|0x0000000088d00000, 0x0000000088d00000, 0x0000000088e00000|  0%| F|  |TAMS 0x0000000088d00000, 0x0000000088d00000| Untracked 
| 142|0x0000000088e00000, 0x0000000088e00000, 0x0000000088f00000|  0%| F|  |TAMS 0x0000000088e00000, 0x0000000088e00000| Untracked 
| 143|0x0000000088f00000, 0x0000000088f00000, 0x0000000089000000|  0%| F|  |TAMS 0x0000000088f00000, 0x0000000088f00000| Untracked 
| 144|0x0000000089000000, 0x0000000089000000, 0x0000000089100000|  0%| F|  |TAMS 0x0000000089000000, 0x0000000089000000| Untracked 
| 145|0x0000000089100000, 0x0000000089100000, 0x0000000089200000|  0%| F|  |TAMS 0x0000000089100000, 0x0000000089100000| Untracked 
| 146|0x0000000089200000, 0x0000000089200000, 0x0000000089300000|  0%| F|  |TAMS 0x0000000089200000, 0x0000000089200000| Untracked 
| 147|0x0000000089300000, 0x0000000089300000, 0x0000000089400000|  0%| F|  |TAMS 0x0000000089300000, 0x0000000089300000| Untracked 
| 148|0x0000000089400000, 0x0000000089400000, 0x0000000089500000|  0%| F|  |TAMS 0x0000000089400000, 0x0000000089400000| Untracked 
| 149|0x0000000089500000, 0x0000000089500000, 0x0000000089600000|  0%| F|  |TAMS 0x0000000089500000, 0x0000000089500000| Untracked 
| 150|0x0000000089600000, 0x0000000089600000, 0x0000000089700000|  0%| F|  |TAMS 0x0000000089600000, 0x0000000089600000| Untracked 
| 151|0x0000000089700000, 0x0000000089700000, 0x0000000089800000|  0%| F|  |TAMS 0x0000000089700000, 0x0000000089700000| Untracked 
| 152|0x0000000089800000, 0x0000000089800000, 0x0000000089900000|  0%| F|  |TAMS 0x0000000089800000, 0x0000000089800000| Untracked 
| 153|0x0000000089900000, 0x0000000089900000, 0x0000000089a00000|  0%| F|  |TAMS 0x0000000089900000, 0x0000000089900000| Untracked 
| 154|0x0000000089a00000, 0x0000000089a00000, 0x0000000089b00000|  0%| F|  |TAMS 0x0000000089a00000, 0x0000000089a00000| Untracked 
| 155|0x0000000089b00000, 0x0000000089b00000, 0x0000000089c00000|  0%| F|  |TAMS 0x0000000089b00000, 0x0000000089b00000| Untracked 
| 156|0x0000000089c00000, 0x0000000089c00000, 0x0000000089d00000|  0%| F|  |TAMS 0x0000000089c00000, 0x0000000089c00000| Untracked 
| 157|0x0000000089d00000, 0x0000000089d00000, 0x0000000089e00000|  0%| F|  |TAMS 0x0000000089d00000, 0x0000000089d00000| Untracked 
| 158|0x0000000089e00000, 0x0000000089e00000, 0x0000000089f00000|  0%| F|  |TAMS 0x0000000089e00000, 0x0000000089e00000| Untracked 
| 159|0x0000000089f00000, 0x000000008a000000, 0x000000008a000000|100%| S|CS|TAMS 0x0000000089f00000, 0x0000000089f00000| Complete 
| 160|0x000000008a000000, 0x000000008a100000, 0x000000008a100000|100%| S|CS|TAMS 0x000000008a000000, 0x000000008a000000| Complete 
| 161|0x000000008a100000, 0x000000008a200000, 0x000000008a200000|100%| S|CS|TAMS 0x000000008a100000, 0x000000008a100000| Complete 
| 162|0x000000008a200000, 0x000000008a300000, 0x000000008a300000|100%| S|CS|TAMS 0x000000008a200000, 0x000000008a200000| Complete 
| 163|0x000000008a300000, 0x000000008a400000, 0x000000008a400000|100%| S|CS|TAMS 0x000000008a300000, 0x000000008a300000| Complete 
| 164|0x000000008a400000, 0x000000008a500000, 0x000000008a500000|100%| S|CS|TAMS 0x000000008a400000, 0x000000008a400000| Complete 
| 165|0x000000008a500000, 0x000000008a600000, 0x000000008a600000|100%| S|CS|TAMS 0x000000008a500000, 0x000000008a500000| Complete 
| 166|0x000000008a600000, 0x000000008a700000, 0x000000008a700000|100%| S|CS|TAMS 0x000000008a600000, 0x000000008a600000| Complete 
| 167|0x000000008a700000, 0x000000008a800000, 0x000000008a800000|100%| S|CS|TAMS 0x000000008a700000, 0x000000008a700000| Complete 
| 168|0x000000008a800000, 0x000000008a800000, 0x000000008a900000|  0%| F|  |TAMS 0x000000008a800000, 0x000000008a800000| Untracked 
| 169|0x000000008a900000, 0x000000008a900000, 0x000000008aa00000|  0%| F|  |TAMS 0x000000008a900000, 0x000000008a900000| Untracked 
| 170|0x000000008aa00000, 0x000000008aa00000, 0x000000008ab00000|  0%| F|  |TAMS 0x000000008aa00000, 0x000000008aa00000| Untracked 
| 171|0x000000008ab00000, 0x000000008ab00000, 0x000000008ac00000|  0%| F|  |TAMS 0x000000008ab00000, 0x000000008ab00000| Untracked 
| 172|0x000000008ac00000, 0x000000008ac00000, 0x000000008ad00000|  0%| F|  |TAMS 0x000000008ac00000, 0x000000008ac00000| Untracked 
| 173|0x000000008ad00000, 0x000000008ad00000, 0x000000008ae00000|  0%| F|  |TAMS 0x000000008ad00000, 0x000000008ad00000| Untracked 
| 174|0x000000008ae00000, 0x000000008ae00000, 0x000000008af00000|  0%| F|  |TAMS 0x000000008ae00000, 0x000000008ae00000| Untracked 
| 175|0x000000008af00000, 0x000000008af00000, 0x000000008b000000|  0%| F|  |TAMS 0x000000008af00000, 0x000000008af00000| Untracked 
| 176|0x000000008b000000, 0x000000008b000000, 0x000000008b100000|  0%| F|  |TAMS 0x000000008b000000, 0x000000008b000000| Untracked 
| 177|0x000000008b100000, 0x000000008b100000, 0x000000008b200000|  0%| F|  |TAMS 0x000000008b100000, 0x000000008b100000| Untracked 
| 178|0x000000008b200000, 0x000000008b200000, 0x000000008b300000|  0%| F|  |TAMS 0x000000008b200000, 0x000000008b200000| Untracked 
| 179|0x000000008b300000, 0x000000008b300000, 0x000000008b400000|  0%| F|  |TAMS 0x000000008b300000, 0x000000008b300000| Untracked 
| 180|0x000000008b400000, 0x000000008b400000, 0x000000008b500000|  0%| F|  |TAMS 0x000000008b400000, 0x000000008b400000| Untracked 
| 181|0x000000008b500000, 0x000000008b500000, 0x000000008b600000|  0%| F|  |TAMS 0x000000008b500000, 0x000000008b500000| Untracked 
| 182|0x000000008b600000, 0x000000008b600000, 0x000000008b700000|  0%| F|  |TAMS 0x000000008b600000, 0x000000008b600000| Untracked 
| 183|0x000000008b700000, 0x000000008b700000, 0x000000008b800000|  0%| F|  |TAMS 0x000000008b700000, 0x000000008b700000| Untracked 
| 184|0x000000008b800000, 0x000000008b800000, 0x000000008b900000|  0%| F|  |TAMS 0x000000008b800000, 0x000000008b800000| Untracked 
| 185|0x000000008b900000, 0x000000008b900000, 0x000000008ba00000|  0%| F|  |TAMS 0x000000008b900000, 0x000000008b900000| Untracked 
| 186|0x000000008ba00000, 0x000000008ba00000, 0x000000008bb00000|  0%| F|  |TAMS 0x000000008ba00000, 0x000000008ba00000| Untracked 
| 187|0x000000008bb00000, 0x000000008bb00000, 0x000000008bc00000|  0%| F|  |TAMS 0x000000008bb00000, 0x000000008bb00000| Untracked 
| 188|0x000000008bc00000, 0x000000008bc00000, 0x000000008bd00000|  0%| F|  |TAMS 0x000000008bc00000, 0x000000008bc00000| Untracked 
| 189|0x000000008bd00000, 0x000000008bd00000, 0x000000008be00000|  0%| F|  |TAMS 0x000000008bd00000, 0x000000008bd00000| Untracked 
| 190|0x000000008be00000, 0x000000008be00000, 0x000000008bf00000|  0%| F|  |TAMS 0x000000008be00000, 0x000000008be00000| Untracked 
| 191|0x000000008bf00000, 0x000000008bf00000, 0x000000008c000000|  0%| F|  |TAMS 0x000000008bf00000, 0x000000008bf00000| Untracked 
| 192|0x000000008c000000, 0x000000008c000000, 0x000000008c100000|  0%| F|  |TAMS 0x000000008c000000, 0x000000008c000000| Untracked 
| 193|0x000000008c100000, 0x000000008c100000, 0x000000008c200000|  0%| F|  |TAMS 0x000000008c100000, 0x000000008c100000| Untracked 
| 194|0x000000008c200000, 0x000000008c200000, 0x000000008c300000|  0%| F|  |TAMS 0x000000008c200000, 0x000000008c200000| Untracked 
| 195|0x000000008c300000, 0x000000008c300000, 0x000000008c400000|  0%| F|  |TAMS 0x000000008c300000, 0x000000008c300000| Untracked 
| 196|0x000000008c400000, 0x000000008c400000, 0x000000008c500000|  0%| F|  |TAMS 0x000000008c400000, 0x000000008c400000| Untracked 
| 197|0x000000008c500000, 0x000000008c500000, 0x000000008c600000|  0%| F|  |TAMS 0x000000008c500000, 0x000000008c500000| Untracked 
| 198|0x000000008c600000, 0x000000008c600000, 0x000000008c700000|  0%| F|  |TAMS 0x000000008c600000, 0x000000008c600000| Untracked 
| 199|0x000000008c700000, 0x000000008c700000, 0x000000008c800000|  0%| F|  |TAMS 0x000000008c700000, 0x000000008c700000| Untracked 
| 200|0x000000008c800000, 0x000000008c800000, 0x000000008c900000|  0%| F|  |TAMS 0x000000008c800000, 0x000000008c800000| Untracked 
| 201|0x000000008c900000, 0x000000008c900000, 0x000000008ca00000|  0%| F|  |TAMS 0x000000008c900000, 0x000000008c900000| Untracked 
| 202|0x000000008ca00000, 0x000000008ca00000, 0x000000008cb00000|  0%| F|  |TAMS 0x000000008ca00000, 0x000000008ca00000| Untracked 
| 203|0x000000008cb00000, 0x000000008cb00000, 0x000000008cc00000|  0%| F|  |TAMS 0x000000008cb00000, 0x000000008cb00000| Untracked 
| 204|0x000000008cc00000, 0x000000008cc00000, 0x000000008cd00000|  0%| F|  |TAMS 0x000000008cc00000, 0x000000008cc00000| Untracked 
| 205|0x000000008cd00000, 0x000000008cd00000, 0x000000008ce00000|  0%| F|  |TAMS 0x000000008cd00000, 0x000000008cd00000| Untracked 
| 206|0x000000008ce00000, 0x000000008ce00000, 0x000000008cf00000|  0%| F|  |TAMS 0x000000008ce00000, 0x000000008ce00000| Untracked 
| 207|0x000000008cf00000, 0x000000008cf00000, 0x000000008d000000|  0%| F|  |TAMS 0x000000008cf00000, 0x000000008cf00000| Untracked 
| 208|0x000000008d000000, 0x000000008d000000, 0x000000008d100000|  0%| F|  |TAMS 0x000000008d000000, 0x000000008d000000| Untracked 
| 209|0x000000008d100000, 0x000000008d100000, 0x000000008d200000|  0%| F|  |TAMS 0x000000008d100000, 0x000000008d100000| Untracked 
| 210|0x000000008d200000, 0x000000008d200000, 0x000000008d300000|  0%| F|  |TAMS 0x000000008d200000, 0x000000008d200000| Untracked 
| 211|0x000000008d300000, 0x000000008d300000, 0x000000008d400000|  0%| F|  |TAMS 0x000000008d300000, 0x000000008d300000| Untracked 
| 212|0x000000008d400000, 0x000000008d400000, 0x000000008d500000|  0%| F|  |TAMS 0x000000008d400000, 0x000000008d400000| Untracked 
| 213|0x000000008d500000, 0x000000008d500000, 0x000000008d600000|  0%| F|  |TAMS 0x000000008d500000, 0x000000008d500000| Untracked 
| 214|0x000000008d600000, 0x000000008d600000, 0x000000008d700000|  0%| F|  |TAMS 0x000000008d600000, 0x000000008d600000| Untracked 
| 215|0x000000008d700000, 0x000000008d700000, 0x000000008d800000|  0%| F|  |TAMS 0x000000008d700000, 0x000000008d700000| Untracked 
| 216|0x000000008d800000, 0x000000008d800000, 0x000000008d900000|  0%| F|  |TAMS 0x000000008d800000, 0x000000008d800000| Untracked 
| 217|0x000000008d900000, 0x000000008d900000, 0x000000008da00000|  0%| F|  |TAMS 0x000000008d900000, 0x000000008d900000| Untracked 
| 218|0x000000008da00000, 0x000000008da00000, 0x000000008db00000|  0%| F|  |TAMS 0x000000008da00000, 0x000000008da00000| Untracked 
| 219|0x000000008db00000, 0x000000008db00000, 0x000000008dc00000|  0%| F|  |TAMS 0x000000008db00000, 0x000000008db00000| Untracked 
| 220|0x000000008dc00000, 0x000000008dc00000, 0x000000008dd00000|  0%| F|  |TAMS 0x000000008dc00000, 0x000000008dc00000| Untracked 
| 221|0x000000008dd00000, 0x000000008dd00000, 0x000000008de00000|  0%| F|  |TAMS 0x000000008dd00000, 0x000000008dd00000| Untracked 
| 222|0x000000008de00000, 0x000000008de00000, 0x000000008df00000|  0%| F|  |TAMS 0x000000008de00000, 0x000000008de00000| Untracked 
| 223|0x000000008df00000, 0x000000008df00000, 0x000000008e000000|  0%| F|  |TAMS 0x000000008df00000, 0x000000008df00000| Untracked 
| 224|0x000000008e000000, 0x000000008e000000, 0x000000008e100000|  0%| F|  |TAMS 0x000000008e000000, 0x000000008e000000| Untracked 
| 225|0x000000008e100000, 0x000000008e100000, 0x000000008e200000|  0%| F|  |TAMS 0x000000008e100000, 0x000000008e100000| Untracked 
| 226|0x000000008e200000, 0x000000008e200000, 0x000000008e300000|  0%| F|  |TAMS 0x000000008e200000, 0x000000008e200000| Untracked 
| 227|0x000000008e300000, 0x000000008e300000, 0x000000008e400000|  0%| F|  |TAMS 0x000000008e300000, 0x000000008e300000| Untracked 
| 228|0x000000008e400000, 0x000000008e480800, 0x000000008e500000| 50%| E|  |TAMS 0x000000008e400000, 0x000000008e400000| Complete 
| 229|0x000000008e500000, 0x000000008e600000, 0x000000008e600000|100%| E|CS|TAMS 0x000000008e500000, 0x000000008e500000| Complete 
| 230|0x000000008e600000, 0x000000008e700000, 0x000000008e700000|100%| E|CS|TAMS 0x000000008e600000, 0x000000008e600000| Complete 
| 231|0x000000008e700000, 0x000000008e800000, 0x000000008e800000|100%| E|CS|TAMS 0x000000008e700000, 0x000000008e700000| Complete 
| 232|0x000000008e800000, 0x000000008e900000, 0x000000008e900000|100%| E|CS|TAMS 0x000000008e800000, 0x000000008e800000| Complete 
| 233|0x000000008e900000, 0x000000008ea00000, 0x000000008ea00000|100%| E|CS|TAMS 0x000000008e900000, 0x000000008e900000| Complete 
| 234|0x000000008ea00000, 0x000000008eb00000, 0x000000008eb00000|100%| E|CS|TAMS 0x000000008ea00000, 0x000000008ea00000| Complete 
| 235|0x000000008eb00000, 0x000000008ec00000, 0x000000008ec00000|100%| E|CS|TAMS 0x000000008eb00000, 0x000000008eb00000| Complete 
| 236|0x000000008ec00000, 0x000000008ed00000, 0x000000008ed00000|100%| E|CS|TAMS 0x000000008ec00000, 0x000000008ec00000| Complete 
| 237|0x000000008ed00000, 0x000000008ee00000, 0x000000008ee00000|100%| E|CS|TAMS 0x000000008ed00000, 0x000000008ed00000| Complete 
| 238|0x000000008ee00000, 0x000000008ef00000, 0x000000008ef00000|100%| E|CS|TAMS 0x000000008ee00000, 0x000000008ee00000| Complete 
| 239|0x000000008ef00000, 0x000000008f000000, 0x000000008f000000|100%| E|CS|TAMS 0x000000008ef00000, 0x000000008ef00000| Complete 
| 240|0x000000008f000000, 0x000000008f100000, 0x000000008f100000|100%| E|CS|TAMS 0x000000008f000000, 0x000000008f000000| Complete 
| 241|0x000000008f100000, 0x000000008f200000, 0x000000008f200000|100%| E|CS|TAMS 0x000000008f100000, 0x000000008f100000| Complete 
| 242|0x000000008f200000, 0x000000008f300000, 0x000000008f300000|100%| E|CS|TAMS 0x000000008f200000, 0x000000008f200000| Complete 
| 243|0x000000008f300000, 0x000000008f400000, 0x000000008f400000|100%| E|CS|TAMS 0x000000008f300000, 0x000000008f300000| Complete 
| 244|0x000000008f400000, 0x000000008f500000, 0x000000008f500000|100%| E|CS|TAMS 0x000000008f400000, 0x000000008f400000| Complete 
| 245|0x000000008f500000, 0x000000008f600000, 0x000000008f600000|100%| E|CS|TAMS 0x000000008f500000, 0x000000008f500000| Complete 
| 246|0x000000008f600000, 0x000000008f700000, 0x000000008f700000|100%| E|CS|TAMS 0x000000008f600000, 0x000000008f600000| Complete 
| 247|0x000000008f700000, 0x000000008f800000, 0x000000008f800000|100%| E|CS|TAMS 0x000000008f700000, 0x000000008f700000| Complete 
| 248|0x000000008f800000, 0x000000008f900000, 0x000000008f900000|100%| E|CS|TAMS 0x000000008f800000, 0x000000008f800000| Complete 
| 249|0x000000008f900000, 0x000000008fa00000, 0x000000008fa00000|100%| E|CS|TAMS 0x000000008f900000, 0x000000008f900000| Complete 
| 250|0x000000008fa00000, 0x000000008fb00000, 0x000000008fb00000|100%| E|CS|TAMS 0x000000008fa00000, 0x000000008fa00000| Complete 
| 251|0x000000008fb00000, 0x000000008fc00000, 0x000000008fc00000|100%| E|CS|TAMS 0x000000008fb00000, 0x000000008fb00000| Complete 
| 252|0x000000008fc00000, 0x000000008fd00000, 0x000000008fd00000|100%| E|CS|TAMS 0x000000008fc00000, 0x000000008fc00000| Complete 
| 253|0x000000008fd00000, 0x000000008fe00000, 0x000000008fe00000|100%| E|CS|TAMS 0x000000008fd00000, 0x000000008fd00000| Complete 

Card table byte_map: [0x00000231720f0000,0x00000231724f0000] _byte_map_base: 0x0000023171cf0000

Marking Bits (Prev, Next): (CMBitMap*) 0x000002316e12d4a0, (CMBitMap*) 0x000002316e12d468
 Prev Bits: [0x00000231748f0000, 0x00000231768f0000)
 Next Bits: [0x00000231728f0000, 0x00000231748f0000)

Polling page: 0x000002316c0f0000

Metaspace:

Usage:
  Non-class:     59.08 MB capacity,    57.98 MB ( 98%) used,   969.77 KB (  2%) free+waste,   154.56 KB ( <1%) overhead. 
      Class:      9.19 MB capacity,     8.63 MB ( 94%) used,   501.24 KB (  5%) free+waste,    73.06 KB ( <1%) overhead. 
       Both:     68.27 MB capacity,    66.61 MB ( 98%) used,     1.44 MB (  2%) free+waste,   227.63 KB ( <1%) overhead. 

Virtual space:
  Non-class space:       60.00 MB reserved,      59.20 MB ( 99%) committed 
      Class space:        1.00 GB reserved,       9.25 MB ( <1%) committed 
             Both:        1.06 GB reserved,      68.45 MB (  6%) committed 

Chunk freelists:
   Non-Class:  60.00 KB
       Class:  27.00 KB
        Both:  87.00 KB

MaxMetaspaceSize: 17179869184.00 GB
CompressedClassSpaceSize: 1.00 GB

CodeHeap 'non-profiled nmethods': size=120064Kb used=3661Kb max_used=3661Kb free=116402Kb
 bounds [0x0000023107ac0000, 0x0000023107e60000, 0x000002310f000000]
CodeHeap 'profiled nmethods': size=120000Kb used=13733Kb max_used=13733Kb free=106266Kb
 bounds [0x0000023100590000, 0x0000023101300000, 0x0000023107ac0000]
CodeHeap 'non-nmethods': size=5696Kb used=2247Kb max_used=2304Kb free=3448Kb
 bounds [0x0000023100000000, 0x0000023100270000, 0x0000023100590000]
 total_blobs=7118 nmethods=6288 adapters=741
 compilation: enabled
              stopped_count=0, restarted_count=0
 full_count=0

Compilation events (20 events):
Event: 6.174 Thread 0x0000023179a1c000 6237       1       com.android.build.api.artifact.impl.ArtifactContainer::getFinal (5 bytes)
Event: 6.174 Thread 0x0000023179a1c000 nmethod 6237 0x0000023107e4cd10 code [0x0000023107e4cec0, 0x0000023107e4cf78]
Event: 6.176 Thread 0x0000023110188800 nmethod 6217 0x0000023107e4d010 code [0x0000023107e4d200, 0x0000023107e4dad0]
Event: 6.177 Thread 0x0000023110188800 6238       4       java.lang.String::regionMatches (150 bytes)
Event: 6.177 Thread 0x0000023179a1c000 6239       3       java.util.concurrent.atomic.AtomicBoolean::compareAndSet (26 bytes)
Event: 6.178 Thread 0x0000023179a1c000 nmethod 6239 0x00000231012d9c90 code [0x00000231012d9ec0, 0x00000231012da518]
Event: 6.179 Thread 0x0000023179a1c000 6241       1       com.android.build.api.component.impl.ComponentImpl::getVariantDslInfo (5 bytes)
Event: 6.179 Thread 0x0000023179a1c000 nmethod 6241 0x0000023107e4e010 code [0x0000023107e4e1c0, 0x0000023107e4e278]
Event: 6.179 Thread 0x0000023179a1c000 6242       3       org.gradle.api.internal.DefaultNamedDomainObjectSet::withMutationDisabled (15 bytes)
Event: 6.179 Thread 0x0000023179a1c000 nmethod 6242 0x00000231012da790 code [0x00000231012da980, 0x00000231012dad28]
Event: 6.179 Thread 0x0000023179a1c000 6243       3       org.gradle.api.internal.MutationGuards$1::withMutationDisabled (2 bytes)
Event: 6.179 Thread 0x0000023179a1c000 nmethod 6243 0x00000231012dae90 code [0x00000231012db040, 0x00000231012db138]
Event: 6.179 Thread 0x0000023179a1c000 6244       3       org.gradle.api.internal.tasks.DefaultTaskCollection::withMutationDisabled (15 bytes)
Event: 6.179 Thread 0x0000023179a1c000 nmethod 6244 0x00000231012db210 code [0x00000231012db420, 0x00000231012db8f8]
Event: 6.179 Thread 0x0000023179a1c000 6245       3       org.gradle.api.internal.DefaultNamedDomainObjectCollection$AbstractDomainObjectCreatingProvider::getType (5 bytes)
Event: 6.179 Thread 0x0000023179a1c000 nmethod 6245 0x00000231012dba90 code [0x00000231012dbc40, 0x00000231012dbd58]
Event: 6.182 Thread 0x0000023179a1c000 6247       3       jdk.internal.reflect.ByteVectorImpl::resize (44 bytes)
Event: 6.183 Thread 0x0000023179a1c000 nmethod 6247 0x00000231012dbe10 code [0x00000231012dbfe0, 0x00000231012dc2c8]
Event: 6.183 Thread 0x0000023179a1c000 6248       3       org.gradle.api.specs.Specs::satisfyAll (10 bytes)
Event: 6.183 Thread 0x0000023179a1c000 nmethod 6248 0x00000231012dc410 code [0x00000231012dc5c0, 0x00000231012dc6f8]

GC Heap History (16 events):
Event: 0.556 GC heap before
{Heap before GC invocations=0 (full 0):
 garbage-first heap   total 260096K, used 27648K [0x0000000080000000, 0x0000000100000000)
  region size 1024K, 22 young (22528K), 0 survivors (0K)
 Metaspace       used 9780K, capacity 9932K, committed 10112K, reserved 1058816K
  class space    used 1012K, capacity 1060K, committed 1152K, reserved 1048576K
}
Event: 0.559 GC heap after
{Heap after GC invocations=1 (full 0):
 garbage-first heap   total 260096K, used 8283K [0x0000000080000000, 0x0000000100000000)
  region size 1024K, 3 young (3072K), 3 survivors (3072K)
 Metaspace       used 9780K, capacity 9932K, committed 10112K, reserved 1058816K
  class space    used 1012K, capacity 1060K, committed 1152K, reserved 1048576K
}
Event: 1.742 GC heap before
{Heap before GC invocations=1 (full 0):
 garbage-first heap   total 260096K, used 95323K [0x0000000080000000, 0x0000000100000000)
  region size 1024K, 90 young (92160K), 3 survivors (3072K)
 Metaspace       used 20585K, capacity 21092K, committed 21248K, reserved 1067008K
  class space    used 2521K, capacity 2721K, committed 2816K, reserved 1048576K
}
Event: 1.748 GC heap after
{Heap after GC invocations=2 (full 0):
 garbage-first heap   total 260096K, used 16187K [0x0000000080000000, 0x0000000100000000)
  region size 1024K, 11 young (11264K), 11 survivors (11264K)
 Metaspace       used 20585K, capacity 21092K, committed 21248K, reserved 1067008K
  class space    used 2521K, capacity 2721K, committed 2816K, reserved 1048576K
}
Event: 2.284 GC heap before
{Heap before GC invocations=3 (full 0):
 garbage-first heap   total 260096K, used 85819K [0x0000000080000000, 0x0000000100000000)
  region size 1024K, 70 young (71680K), 11 survivors (11264K)
 Metaspace       used 26613K, capacity 27400K, committed 27648K, reserved 1073152K
  class space    used 3479K, capacity 3759K, committed 3840K, reserved 1048576K
}
Event: 2.292 GC heap after
{Heap after GC invocations=4 (full 0):
 garbage-first heap   total 260096K, used 31249K [0x0000000080000000, 0x0000000100000000)
  region size 1024K, 7 young (7168K), 7 survivors (7168K)
 Metaspace       used 26613K, capacity 27400K, committed 27648K, reserved 1073152K
  class space    used 3479K, capacity 3759K, committed 3840K, reserved 1048576K
}
Event: 2.745 GC heap before
{Heap before GC invocations=4 (full 0):
 garbage-first heap   total 260096K, used 78353K [0x0000000080000000, 0x0000000100000000)
  region size 1024K, 54 young (55296K), 7 survivors (7168K)
 Metaspace       used 34950K, capacity 35758K, committed 35840K, reserved 1081344K
  class space    used 4556K, capacity 4844K, committed 4864K, reserved 1048576K
}
Event: 2.751 GC heap after
{Heap after GC invocations=5 (full 0):
 garbage-first heap   total 260096K, used 34092K [0x0000000080000000, 0x0000000100000000)
  region size 1024K, 10 young (10240K), 10 survivors (10240K)
 Metaspace       used 34950K, capacity 35758K, committed 35840K, reserved 1081344K
  class space    used 4556K, capacity 4844K, committed 4864K, reserved 1048576K
}
Event: 3.610 GC heap before
{Heap before GC invocations=6 (full 0):
 garbage-first heap   total 260096K, used 144684K [0x0000000080000000, 0x0000000100000000)
  region size 1024K, 108 young (110592K), 10 survivors (10240K)
 Metaspace       used 44079K, capacity 45233K, committed 45388K, reserved 1089536K
  class space    used 5625K, capacity 5988K, committed 6016K, reserved 1048576K
}
Event: 3.620 GC heap after
{Heap after GC invocations=7 (full 0):
 garbage-first heap   total 260096K, used 51198K [0x0000000080000000, 0x0000000100000000)
  region size 1024K, 13 young (13312K), 13 survivors (13312K)
 Metaspace       used 44079K, capacity 45233K, committed 45388K, reserved 1089536K
  class space    used 5625K, capacity 5988K, committed 6016K, reserved 1048576K
}
Event: 5.002 GC heap before
{Heap before GC invocations=7 (full 0):
 garbage-first heap   total 260096K, used 194558K [0x0000000080000000, 0x0000000100000000)
  region size 1024K, 147 young (150528K), 13 survivors (13312K)
 Metaspace       used 54552K, capacity 56155K, committed 56396K, reserved 1097728K
  class space    used 6944K, capacity 7443K, committed 7552K, reserved 1048576K
}
Event: 5.017 GC heap after
{Heap after GC invocations=8 (full 0):
 garbage-first heap   total 260096K, used 69846K [0x0000000080000000, 0x0000000100000000)
  region size 1024K, 19 young (19456K), 19 survivors (19456K)
 Metaspace       used 54552K, capacity 56155K, committed 56396K, reserved 1097728K
  class space    used 6944K, capacity 7443K, committed 7552K, reserved 1048576K
}
Event: 5.325 GC heap before
{Heap before GC invocations=8 (full 0):
 garbage-first heap   total 260096K, used 100566K [0x0000000080000000, 0x0000000100000000)
  region size 1024K, 50 young (51200K), 19 survivors (19456K)
 Metaspace       used 58570K, capacity 60141K, committed 60236K, reserved 1101824K
  class space    used 7466K, capacity 8004K, committed 8064K, reserved 1048576K
}
Event: 5.339 GC heap after
{Heap after GC invocations=9 (full 0):
 garbage-first heap   total 260096K, used 74963K [0x0000000080000000, 0x0000000100000000)
  region size 1024K, 5 young (5120K), 5 survivors (5120K)
 Metaspace       used 58570K, capacity 60141K, committed 60236K, reserved 1101824K
  class space    used 7466K, capacity 8004K, committed 8064K, reserved 1048576K
}
Event: 5.962 GC heap before
{Heap before GC invocations=10 (full 0):
 garbage-first heap   total 260096K, used 157907K [0x0000000080000000, 0x0000000100000000)
  region size 1024K, 86 young (88064K), 5 survivors (5120K)
 Metaspace       used 64937K, capacity 66646K, committed 66892K, reserved 1107968K
  class space    used 8228K, capacity 8795K, committed 8832K, reserved 1048576K
}
Event: 5.969 GC heap after
{Heap after GC invocations=11 (full 0):
 garbage-first heap   total 260096K, used 79636K [0x0000000080000000, 0x0000000100000000)
  region size 1024K, 9 young (9216K), 9 survivors (9216K)
 Metaspace       used 64937K, capacity 66646K, committed 66892K, reserved 1107968K
  class space    used 8228K, capacity 8795K, committed 8832K, reserved 1048576K
}

Deoptimization events (20 events):
Event: 5.619 Thread 0x000002317bc91800 Uncommon trap: trap_request=0xffffff4d fr.pc=0x0000023107c93a1c relative=0x000000000000213c
Event: 5.619 Thread 0x000002317bc91800 Uncommon trap: reason=unstable_if action=reinterpret pc=0x0000023107c93a1c method=groovy.lang.MetaClassImpl$1MOPIter.methodNameAction(Ljava/lang/Class;Lorg/codehaus/groovy/runtime/metaclass/MetaMethodIndex$Entry;)V @ 182 c2
Event: 5.619 Thread 0x000002317bc91800 DEOPT PACKING pc=0x0000023107c93a1c sp=0x0000006e364f8170
Event: 5.619 Thread 0x000002317bc91800 DEOPT UNPACKING pc=0x000002310002662f sp=0x0000006e364f8160 mode 2
Event: 5.728 Thread 0x000002317bc91800 Uncommon trap: trap_request=0xffffff4d fr.pc=0x0000023107d7e414 relative=0x0000000000000a14
Event: 5.728 Thread 0x000002317bc91800 Uncommon trap: reason=unstable_if action=reinterpret pc=0x0000023107d7e414 method=java.util.concurrent.ConcurrentHashMap.addCount(JI)V @ 110 c2
Event: 5.728 Thread 0x000002317bc91800 DEOPT PACKING pc=0x0000023107d7e414 sp=0x0000006e364f73c0
Event: 5.728 Thread 0x000002317bc91800 DEOPT UNPACKING pc=0x000002310002662f sp=0x0000006e364f7288 mode 2
Event: 5.735 Thread 0x000002317bc91800 Uncommon trap: trap_request=0xffffff4d fr.pc=0x0000023107d76354 relative=0x00000000000000f4
Event: 5.735 Thread 0x000002317bc91800 Uncommon trap: reason=unstable_if action=reinterpret pc=0x0000023107d76354 method=java.util.concurrent.ConcurrentHashMap.addCount(JI)V @ 110 c2
Event: 5.735 Thread 0x000002317bc91800 DEOPT PACKING pc=0x0000023107d76354 sp=0x0000006e364f7390
Event: 5.735 Thread 0x000002317bc91800 DEOPT UNPACKING pc=0x000002310002662f sp=0x0000006e364f72c8 mode 2
Event: 5.821 Thread 0x000002317bc91800 Uncommon trap: trap_request=0xffffff4d fr.pc=0x0000023107e07e6c relative=0x000000000000032c
Event: 5.821 Thread 0x000002317bc91800 Uncommon trap: reason=unstable_if action=reinterpret pc=0x0000023107e07e6c method=java.util.StringJoiner.add(Ljava/lang/CharSequence;)Ljava/util/StringJoiner; @ 33 c2
Event: 5.821 Thread 0x000002317bc91800 DEOPT PACKING pc=0x0000023107e07e6c sp=0x0000006e364f61f0
Event: 5.821 Thread 0x000002317bc91800 DEOPT UNPACKING pc=0x000002310002662f sp=0x0000006e364f61a0 mode 2
Event: 5.838 Thread 0x000002317bc91800 Uncommon trap: trap_request=0xfffffff4 fr.pc=0x0000023107d56f58 relative=0x00000000000009b8
Event: 5.838 Thread 0x000002317bc91800 Uncommon trap: reason=null_check action=make_not_entrant pc=0x0000023107d56f58 method=com.sun.beans.introspect.MethodInfo$MethodOrder.compare(Ljava/lang/reflect/Method;Ljava/lang/reflect/Method;)I @ 133 c2
Event: 5.838 Thread 0x000002317bc91800 DEOPT PACKING pc=0x0000023107d56f58 sp=0x0000006e364f4360
Event: 5.838 Thread 0x000002317bc91800 DEOPT UNPACKING pc=0x000002310002662f sp=0x0000006e364f4290 mode 2

Classes redefined (0 events):
No events

Internal exceptions (20 events):
Event: 5.871 Thread 0x000002317bc91800 Exception <a 'java/lang/ClassNotFoundException'{0x000000008b3f40f0}: build_42vn13dkab4se77yni5kdbos6$_run_closure1BeanInfo> (0x000000008b3f40f0) thrown at [./src/hotspot/share/classfile/systemDictionary.cpp, line 231]
Event: 5.872 Thread 0x000002317bc91800 Exception <a 'java/lang/ClassNotFoundException'{0x000000008b204ed8}: build_42vn13dkab4se77yni5kdbos6$_run_closure1Customizer> (0x000000008b204ed8) thrown at [./src/hotspot/share/classfile/systemDictionary.cpp, line 231]
Event: 5.874 Thread 0x000002317bc91800 Exception <a 'java/lang/ClassNotFoundException'{0x000000008b2571c8}: org/gradle/api/JavaVersionBeanInfo> (0x000000008b2571c8) thrown at [./src/hotspot/share/classfile/systemDictionary.cpp, line 231]
Event: 5.874 Thread 0x000002317bc91800 Exception <a 'java/lang/ClassNotFoundException'{0x000000008b263020}: java/lang/EnumBeanInfo> (0x000000008b263020) thrown at [./src/hotspot/share/classfile/systemDictionary.cpp, line 231]
Event: 5.874 Thread 0x000002317bc91800 Exception <a 'java/lang/ClassNotFoundException'{0x000000008b26eee8}: java/lang/EnumCustomizer> (0x000000008b26eee8) thrown at [./src/hotspot/share/classfile/systemDictionary.cpp, line 231]
Event: 5.875 Thread 0x000002317bc91800 Exception <a 'java/lang/ClassNotFoundException'{0x000000008b29af28}: org/gradle/api/JavaVersionCustomizer> (0x000000008b29af28) thrown at [./src/hotspot/share/classfile/systemDictionary.cpp, line 231]
Event: 5.876 Thread 0x000002317bc91800 Exception <a 'java/lang/ClassNotFoundException'{0x000000008b2efa50}: com/android/build/gradle/internal/CompileOptions_DecoratedBeanInfo> (0x000000008b2efa50) thrown at [./src/hotspot/share/classfile/systemDictionary.cpp, line 231]
Event: 5.877 Thread 0x000002317bc91800 Exception <a 'java/lang/ClassNotFoundException'{0x000000008b108420}: com/android/build/gradle/internal/CompileOptionsBeanInfo> (0x000000008b108420) thrown at [./src/hotspot/share/classfile/systemDictionary.cpp, line 231]
Event: 5.877 Thread 0x000002317bc91800 Exception <a 'java/lang/ClassNotFoundException'{0x000000008b1210a8}: com/android/build/gradle/internal/CompileOptionsCustomizer> (0x000000008b1210a8) thrown at [./src/hotspot/share/classfile/systemDictionary.cpp, line 231]
Event: 5.878 Thread 0x000002317bc91800 Exception <a 'java/lang/ClassNotFoundException'{0x000000008b146838}: com/android/build/gradle/internal/CompileOptions_DecoratedCustomizer> (0x000000008b146838) thrown at [./src/hotspot/share/classfile/systemDictionary.cpp, line 231]
Event: 5.888 Thread 0x000002317bc91800 Exception <a 'java/lang/ClassNotFoundException'{0x000000008b08c0c8}: org/jetbrains/kotlin/gradle/dsl/KotlinJvmOptionsImplBeanInfo> (0x000000008b08c0c8) thrown at [./src/hotspot/share/classfile/systemDictionary.cpp, line 231]
Event: 5.888 Thread 0x000002317bc91800 Exception <a 'java/lang/ClassNotFoundException'{0x000000008b0a5748}: org/jetbrains/kotlin/gradle/dsl/KotlinJvmOptionsBaseBeanInfo> (0x000000008b0a5748) thrown at [./src/hotspot/share/classfile/systemDictionary.cpp, line 231]
Event: 5.888 Thread 0x000002317bc91800 Exception <a 'java/lang/ClassNotFoundException'{0x000000008b0bee30}: org/jetbrains/kotlin/gradle/dsl/KotlinJvmOptionsBaseCustomizer> (0x000000008b0bee30) thrown at [./src/hotspot/share/classfile/systemDictionary.cpp, line 231]
Event: 5.889 Thread 0x000002317bc91800 Exception <a 'java/lang/ClassNotFoundException'{0x000000008b0f25f0}: org/jetbrains/kotlin/gradle/dsl/KotlinJvmOptionsImplCustomizer> (0x000000008b0f25f0) thrown at [./src/hotspot/share/classfile/systemDictionary.cpp, line 231]
Event: 5.892 Thread 0x000002317bc91800 Exception <a 'java/lang/ClassNotFoundException'{0x000000008afaa9b8}: groovy/lang/GString$1BeanInfo> (0x000000008afaa9b8) thrown at [./src/hotspot/share/classfile/systemDictionary.cpp, line 231]
Event: 5.893 Thread 0x000002317bc91800 Exception <a 'java/lang/ClassNotFoundException'{0x000000008afcbff8}: groovy/lang/GStringBeanInfo> (0x000000008afcbff8) thrown at [./src/hotspot/share/classfile/systemDictionary.cpp, line 231]
Event: 5.893 Thread 0x000002317bc91800 Exception <a 'java/lang/ClassNotFoundException'{0x000000008afed690}: groovy/lang/GStringCustomizer> (0x000000008afed690) thrown at [./src/hotspot/share/classfile/systemDictionary.cpp, line 231]
Event: 5.895 Thread 0x000002317bc91800 Exception <a 'java/lang/ClassNotFoundException'{0x000000008ae19240}: groovy/lang/GString$1Customizer> (0x000000008ae19240) thrown at [./src/hotspot/share/classfile/systemDictionary.cpp, line 231]
Event: 5.898 Thread 0x000002317bc91800 Exception <a 'java/lang/ClassNotFoundException'{0x000000008aeb8990}: org/codehaus/groovy/runtime/GStringImplBeanInfo> (0x000000008aeb8990) thrown at [./src/hotspot/share/classfile/systemDictionary.cpp, line 231]
Event: 5.898 Thread 0x000002317bc91800 Exception <a 'java/lang/ClassNotFoundException'{0x000000008aede858}: org/codehaus/groovy/runtime/GStringImplCustomizer> (0x000000008aede858) thrown at [./src/hotspot/share/classfile/systemDictionary.cpp, line 231]

Events (20 events):
Event: 6.180 loading class org/gradle/api/Action
Event: 6.180 loading class org/gradle/api/Action done
Event: 6.180 loading class com/android/build/gradle/internal/dependency/SubtractingArtifactCollection
Event: 6.180 loading class com/android/build/gradle/internal/dependency/SubtractingArtifactCollection done
Event: 6.181 loading class com/android/build/gradle/internal/dependency/SubtractingArtifactCollection$SubtractingArtifactResult
Event: 6.181 loading class com/android/build/gradle/internal/dependency/SubtractingArtifactCollection$SubtractingArtifactResult done
Event: 6.181 loading class com/android/build/gradle/internal/dependency/SubtractingArtifactCollection$SubtractingArtifactResult$artifactResults$1
Event: 6.181 loading class com/android/build/gradle/internal/dependency/SubtractingArtifactCollection$SubtractingArtifactResult$artifactResults$1 done
Event: 6.181 loading class com/android/build/gradle/internal/dependency/SubtractingArtifactCollection$SubtractingArtifactResult$artifactFileSet$1
Event: 6.181 loading class com/android/build/gradle/internal/dependency/SubtractingArtifactCollection$SubtractingArtifactResult$artifactFileSet$1 done
Event: 6.182 loading class com/android/build/gradle/internal/dependency/SubtractingArtifactCollection$SubtractingArtifactResult$fileCollection$1
Event: 6.182 loading class com/android/build/gradle/internal/dependency/SubtractingArtifactCollection$SubtractingArtifactResult$fileCollection$1 done
Event: 6.182 loading class com/android/build/gradle/internal/dependency/SubtractingArtifactCollection$SubtractingArtifactResult$initFileCollection$1
Event: 6.182 loading class com/android/build/gradle/internal/dependency/SubtractingArtifactCollection$SubtractingArtifactResult$initFileCollection$1 done
Event: 6.182 loading class org/gradle/api/internal/tasks/DefaultTaskDependency$TaskDependencySet
Event: 6.182 loading class org/gradle/api/internal/tasks/DefaultTaskDependency$TaskDependencySet done
Event: 6.183 loading class com/android/build/gradle/tasks/ProcessTestManifest$CreationAction
Event: 6.183 loading class com/android/build/gradle/tasks/ProcessTestManifest$CreationAction done
Event: 6.183 loading class com/android/build/gradle/tasks/ProcessTestManifest
Event: 6.183 loading class com/android/build/gradle/tasks/ProcessTestManifest done


Dynamic libraries:
0x00007ff6e1680000 - 0x00007ff6e168a000 	C:\Program Files\Android\Android Studio\jre\bin\java.exe
0x00007fff24e30000 - 0x00007fff25025000 	C:\WINDOWS\SYSTEM32\ntdll.dll
0x00007fff24380000 - 0x00007fff2443e000 	C:\WINDOWS\System32\KERNEL32.DLL
0x00007fff22ba0000 - 0x00007fff22e68000 	C:\WINDOWS\System32\KERNELBASE.dll
0x00007fff1fb50000 - 0x00007fff1fbe0000 	C:\WINDOWS\SYSTEM32\apphelp.dll
0x00007fff225a0000 - 0x00007fff226a0000 	C:\WINDOWS\System32\ucrtbase.dll
0x00007fff10040000 - 0x00007fff10059000 	C:\Program Files\Android\Android Studio\jre\bin\jli.dll
0x00007fff0ffe0000 - 0x00007fff0fff7000 	C:\Program Files\Android\Android Studio\jre\bin\VCRUNTIME140.dll
0x00007fff22e80000 - 0x00007fff23021000 	C:\WINDOWS\System32\USER32.dll
0x00007fff22780000 - 0x00007fff227a2000 	C:\WINDOWS\System32\win32u.dll
0x00007fff10c20000 - 0x00007fff10eba000 	C:\WINDOWS\WinSxS\amd64_microsoft.windows.common-controls_6595b64144ccf1df_6.0.19041.1110_none_60b5254171f9507e\COMCTL32.dll
0x00007fff236d0000 - 0x00007fff236fb000 	C:\WINDOWS\System32\GDI32.dll
0x00007fff23130000 - 0x00007fff231ce000 	C:\WINDOWS\System32\msvcrt.dll
0x00007fff22a90000 - 0x00007fff22b9d000 	C:\WINDOWS\System32\gdi32full.dll
0x00007fff227e0000 - 0x00007fff2287d000 	C:\WINDOWS\System32\msvcp_win.dll
0x00007fff23230000 - 0x00007fff23260000 	C:\WINDOWS\System32\IMM32.DLL
0x00007fff0e750000 - 0x00007fff0e7ed000 	C:\Program Files\Android\Android Studio\jre\bin\msvcp140.dll
0x00007ffebb4a0000 - 0x00007ffebbf75000 	C:\Program Files\Android\Android Studio\jre\bin\server\jvm.dll
0x00007fff24800000 - 0x00007fff248ac000 	C:\WINDOWS\System32\ADVAPI32.dll
0x00007fff23030000 - 0x00007fff230cb000 	C:\WINDOWS\System32\sechost.dll
0x00007fff23470000 - 0x00007fff2359a000 	C:\WINDOWS\System32\RPCRT4.dll
0x00007fff23260000 - 0x00007fff23268000 	C:\WINDOWS\System32\PSAPI.DLL
0x00007fff09bb0000 - 0x00007fff09bb9000 	C:\WINDOWS\SYSTEM32\WSOCK32.dll
0x00007fff12a60000 - 0x00007fff12a87000 	C:\WINDOWS\SYSTEM32\WINMM.dll
0x00007fff1cc80000 - 0x00007fff1cc8a000 	C:\WINDOWS\SYSTEM32\VERSION.dll
0x00007fff24af0000 - 0x00007fff24b5b000 	C:\WINDOWS\System32\WS2_32.dll
0x00007fff20450000 - 0x00007fff20462000 	C:\WINDOWS\SYSTEM32\kernel.appcore.dll
0x00007fff19b50000 - 0x00007fff19b61000 	C:\Program Files\Android\Android Studio\jre\bin\verify.dll
0x00007fff07bc0000 - 0x00007fff07da4000 	C:\WINDOWS\SYSTEM32\DBGHELP.DLL
0x00007fff07b90000 - 0x00007fff07bbc000 	C:\WINDOWS\SYSTEM32\dbgcore.DLL
0x00007fff226f0000 - 0x00007fff22772000 	C:\WINDOWS\System32\bcryptPrimitives.dll
0x00007fff197a0000 - 0x00007fff197c9000 	C:\Program Files\Android\Android Studio\jre\bin\java.dll
0x00007fff1fb10000 - 0x00007fff1fb1b000 	C:\Program Files\Android\Android Studio\jre\bin\jimage.dll
0x00007fff19780000 - 0x00007fff19798000 	C:\Program Files\Android\Android Studio\jre\bin\zip.dll
0x00007fff23c30000 - 0x00007fff24374000 	C:\WINDOWS\System32\SHELL32.dll
0x00007fff20650000 - 0x00007fff20de4000 	C:\WINDOWS\SYSTEM32\windows.storage.dll
0x00007fff24440000 - 0x00007fff24795000 	C:\WINDOWS\System32\combase.dll
0x00007fff21f90000 - 0x00007fff21fbe000 	C:\WINDOWS\SYSTEM32\Wldp.dll
0x00007fff23700000 - 0x00007fff237ad000 	C:\WINDOWS\System32\SHCORE.dll
0x00007fff247a0000 - 0x00007fff247f5000 	C:\WINDOWS\System32\shlwapi.dll
0x00007fff22480000 - 0x00007fff2249f000 	C:\WINDOWS\SYSTEM32\profapi.dll
0x00007fff19760000 - 0x00007fff1977a000 	C:\Program Files\Android\Android Studio\jre\bin\net.dll
0x00007fff12a90000 - 0x00007fff12b9c000 	C:\WINDOWS\SYSTEM32\WINHTTP.dll
0x00007fff21cf0000 - 0x00007fff21d5a000 	C:\WINDOWS\system32\mswsock.dll
0x00007fff10060000 - 0x00007fff10074000 	C:\Program Files\Android\Android Studio\jre\bin\nio.dll
0x00007fff0f620000 - 0x00007fff0f646000 	C:\Users\makrisp\.gradle\native\fdc75f09e3144964f2cf3f50f0aa648679c211496f362492102eb8c894070792\windows-amd64\native-platform.dll
0x00007ffee51b0000 - 0x00007ffee5341000 	C:\Users\makrisp\.gradle\native\12488b8bf47d2d4c9fbf2f6322a914ad602e24e48041cd04a747c6da556b65c4\windows-amd64\native-platform-file-events.dll
0x00007fff1fab0000 - 0x00007fff1faba000 	C:\Program Files\Android\Android Studio\jre\bin\management.dll
0x00007fff1fa00000 - 0x00007fff1fa0d000 	C:\Program Files\Android\Android Studio\jre\bin\management_ext.dll
0x00007fff21ee0000 - 0x00007fff21ef8000 	C:\WINDOWS\SYSTEM32\CRYPTSP.dll
0x00007fff21600000 - 0x00007fff21634000 	C:\WINDOWS\system32\rsaenh.dll
0x00007fff227b0000 - 0x00007fff227d7000 	C:\WINDOWS\System32\bcrypt.dll
0x00007fff22440000 - 0x00007fff2246e000 	C:\WINDOWS\SYSTEM32\USERENV.dll
0x00007fff21f00000 - 0x00007fff21f0c000 	C:\WINDOWS\SYSTEM32\CRYPTBASE.dll
0x00007fff21990000 - 0x00007fff219cb000 	C:\WINDOWS\SYSTEM32\IPHLPAPI.DLL
0x00007fff24c70000 - 0x00007fff24c78000 	C:\WINDOWS\System32\NSI.dll
0x00007fff1d1b0000 - 0x00007fff1d1c7000 	C:\WINDOWS\SYSTEM32\dhcpcsvc6.DLL
0x00007fff1d140000 - 0x00007fff1d15d000 	C:\WINDOWS\SYSTEM32\dhcpcsvc.DLL
0x00007fff219d0000 - 0x00007fff21a9b000 	C:\WINDOWS\SYSTEM32\DNSAPI.dll
0x00007fff1dc20000 - 0x00007fff1dc2b000 	C:\WINDOWS\SYSTEM32\WINNSI.DLL

dbghelp: loaded successfully - version: 4.0.5 - missing functions: none
symbol engine: initialized successfully - sym options: 0x614 - pdb path: .;C:\Program Files\Android\Android Studio\jre\bin;C:\WINDOWS\SYSTEM32;C:\WINDOWS\WinSxS\amd64_microsoft.windows.common-controls_6595b64144ccf1df_6.0.19041.1110_none_60b5254171f9507e;C:\Program Files\Android\Android Studio\jre\bin\server;C:\Users\makrisp\.gradle\native\fdc75f09e3144964f2cf3f50f0aa648679c211496f362492102eb8c894070792\windows-amd64;C:\Users\makrisp\.gradle\native\12488b8bf47d2d4c9fbf2f6322a914ad602e24e48041cd04a747c6da556b65c4\windows-amd64

VM Arguments:
jvm_args: --add-opens=java.base/java.util=ALL-UNNAMED --add-opens=java.base/java.lang=ALL-UNNAMED --add-opens=java.base/java.lang.invoke=ALL-UNNAMED --add-opens=java.prefs/java.util.prefs=ALL-UNNAMED -Xmx2048m -Dfile.encoding=UTF-8 -Duser.country=US -Duser.language=en -Duser.variant 
java_command: org.gradle.launcher.daemon.bootstrap.GradleDaemon 6.7.1
java_class_path (initial): C:\Users\makrisp\.gradle\wrapper\dists\gradle-6.7.1-bin\bwlcbys1h7rz3272sye1xwiv6\gradle-6.7.1\lib\gradle-launcher-6.7.1.jar
Launcher Type: SUN_STANDARD

[Global flags]
     intx CICompilerCount                          = 3                                         {product} {ergonomic}
     uint ConcGCThreads                            = 2                                         {product} {ergonomic}
     uint G1ConcRefinementThreads                  = 6                                         {product} {ergonomic}
   size_t G1HeapRegionSize                         = 1048576                                   {product} {ergonomic}
    uintx GCDrainStackTargetSize                   = 64                                        {product} {ergonomic}
   size_t InitialHeapSize                          = 266338304                                 {product} {ergonomic}
   size_t MarkStackSize                            = 4194304                                   {product} {ergonomic}
   size_t MaxHeapSize                              = 2147483648                                {product} {command line}
   size_t MaxNewSize                               = 1287651328                                {product} {ergonomic}
   size_t MinHeapDeltaBytes                        = 1048576                                   {product} {ergonomic}
    uintx NonNMethodCodeHeapSize                   = 5830732                                {pd product} {ergonomic}
    uintx NonProfiledCodeHeapSize                  = 122913754                              {pd product} {ergonomic}
    uintx ProfiledCodeHeapSize                     = 122913754                              {pd product} {ergonomic}
    uintx ReservedCodeCacheSize                    = 251658240                              {pd product} {ergonomic}
     bool SegmentedCodeCache                       = true                                      {product} {ergonomic}
     bool UseCompressedClassPointers               = true                                 {lp64_product} {ergonomic}
     bool UseCompressedOops                        = true                                 {lp64_product} {ergonomic}
     bool UseG1GC                                  = true                                      {product} {ergonomic}
     bool UseLargePagesIndividualAllocation        = false                                  {pd product} {ergonomic}

Logging:
Log output configuration:
 #0: stdout all=warning uptime,level,tags
 #1: stderr all=off uptime,level,tags

Environment Variables:
PATH=C:\Program Files\Common Files\Oracle\Java\javapath;C:\Program Files (x86)\Common Files\Oracle\Java\javapath;C:\WINDOWS\system32;C:\WINDOWS;C:\WINDOWS\System32\Wbem;C:\WINDOWS\System32\WindowsPowerShell\v1.0\;C:\WINDOWS\System32\OpenSSH\;C:\Program Files\Git\cmd;C:\Program Files\MATLAB\R2018a\runtime\win64;C:\Program Files\MATLAB\R2018a\bin;C:\gradle-7.1.1\bin;C:\Users\makrisp\AppData\Local\Microsoft\WindowsApps;C:\Program Files\JetBrains\IntelliJ IDEA 2020.3\bin;C:\Program Files\JetBrains\PyCharm 2020.3.2\bin;C:\Users\makrisp\AppData\Local\gitkraken\bin;C:\Users\makrisp\AppData\Local\Google\Cloud SDK\google-cloud-sdk\bin;C:\Program Files\heroku\bin;C:\Program Files\JetBrains\IntelliJ IDEA Community Edition 2021.3.1\bin;
USERNAME=makrisp
OS=Windows_NT
PROCESSOR_IDENTIFIER=Intel64 Family 6 Model 158 Stepping 10, GenuineIntel



---------------  S Y S T E M  ---------------

OS: Windows 10 , 64 bit Build 19041 (10.0.19041.1348)
OS uptime: 24 days 1:51 hours

CPU:total 6 (initial active 6) (6 cores per cpu, 1 threads per core) family 6 model 158 stepping 10 microcode 0xca, cmov, cx8, fxsr, mmx, sse, sse2, sse3, ssse3, sse4.1, sse4.2, popcnt, avx, avx2, aes, clmul, erms, rtm, 3dnowpref, lzcnt, tsc, tscinvbit, bmi1, bmi2, adx, fma

Memory: 4k page, system-wide physical 16202M (552M free)
TotalPageFile size 65354M (AvailPageFile size 4M)
current process WorkingSet (physical memory assigned to process): 446M, peak: 447M
current process commit charge ("private bytes"): 503M, peak: 504M

vm_info: OpenJDK 64-Bit Server VM (11.0.11+9-b60-7590822) for windows-amd64 JRE (11.0.11+9-b60-7590822), built on Jul 29 2021 21:43:44 by "builder" with MS VC++ 14.0 (VS2015)

END.
